2023-03-19 16:50:51.881 DEBUG 19292 --- [http-nio-8083-exec-3] o.s.web.servlet.DispatcherServlet        : OPTIONS "/article/click?undefined=undefined&id=4", parameters={masked}
2023-03-19 16:50:51.890 DEBUG 19292 --- [http-nio-8083-exec-3] s.w.s.m.m.a.RequestMappingHandlerMapping : Mapped to com.example.controll.article.ArticleController#findByid(int)
2023-03-19 16:50:51.891 DEBUG 19292 --- [http-nio-8083-exec-3] o.s.web.servlet.DispatcherServlet        : Completed 200 OK
2023-03-19 16:50:51.895 DEBUG 19292 --- [http-nio-8083-exec-4] o.s.web.servlet.DispatcherServlet        : GET "/article/click?undefined=undefined&id=4", parameters={masked}
2023-03-19 16:50:51.896 DEBUG 19292 --- [http-nio-8083-exec-4] s.w.s.m.m.a.RequestMappingHandlerMapping : Mapped to com.example.controll.article.ArticleController#findByid(int)
2023-03-19 16:50:51.897 DEBUG 19292 --- [http-nio-8083-exec-4] o.s.web.method.HandlerMethod             : Could not resolve parameter [0] in public com.example.pojo.Article com.example.controll.article.ArticleController.findByid(int): Failed to convert value of type 'java.lang.String' to required type 'int'; nested exception is java.lang.NumberFormatException: For input string: ""
2023-03-19 16:50:51.897  WARN 19292 --- [http-nio-8083-exec-4] .w.s.m.s.DefaultHandlerExceptionResolver : Resolved [org.springframework.web.method.annotation.MethodArgumentTypeMismatchException: Failed to convert value of type 'java.lang.String' to required type 'int'; nested exception is java.lang.NumberFormatException: For input string: ""]
2023-03-19 16:50:51.897 DEBUG 19292 --- [http-nio-8083-exec-4] o.s.web.servlet.DispatcherServlet        : Completed 400 BAD_REQUEST
2023-03-19 16:50:51.898 DEBUG 19292 --- [http-nio-8083-exec-4] o.s.web.servlet.DispatcherServlet        : "ERROR" dispatch for GET "/error?undefined=undefined&id=4", parameters={masked}
2023-03-19 16:50:51.899 DEBUG 19292 --- [http-nio-8083-exec-4] s.w.s.m.m.a.RequestMappingHandlerMapping : Mapped to org.springframework.boot.autoconfigure.web.servlet.error.BasicErrorController#error(HttpServletRequest)
2023-03-19 16:50:51.900 DEBUG 19292 --- [http-nio-8083-exec-4] o.s.w.s.m.m.a.HttpEntityMethodProcessor  : Using 'application/json', given [*/*] and supported [application/json, application/*+json, application/json, application/*+json]
2023-03-19 16:50:51.901 DEBUG 19292 --- [http-nio-8083-exec-4] o.s.w.s.m.m.a.HttpEntityMethodProcessor  : Writing [{timestamp=Sun Mar 19 16:50:51 CST 2023, status=400, error=Bad Request, path=/article/click}]
2023-03-19 16:50:51.902 DEBUG 19292 --- [http-nio-8083-exec-4] o.s.web.servlet.DispatcherServlet        : Exiting from "ERROR" dispatch, status 400
2023-03-19 16:50:53.881 DEBUG 19292 --- [http-nio-8083-exec-5] o.s.web.servlet.DispatcherServlet        : GET "/article/click?undefined=undefined&id=3", parameters={masked}
2023-03-19 16:50:53.881 DEBUG 19292 --- [http-nio-8083-exec-5] s.w.s.m.m.a.RequestMappingHandlerMapping : Mapped to com.example.controll.article.ArticleController#findByid(int)
2023-03-19 16:50:53.882 DEBUG 19292 --- [http-nio-8083-exec-5] o.s.web.method.HandlerMethod             : Could not resolve parameter [0] in public com.example.pojo.Article com.example.controll.article.ArticleController.findByid(int): Failed to convert value of type 'java.lang.String' to required type 'int'; nested exception is java.lang.NumberFormatException: For input string: ""
2023-03-19 16:50:53.882  WARN 19292 --- [http-nio-8083-exec-5] .w.s.m.s.DefaultHandlerExceptionResolver : Resolved [org.springframework.web.method.annotation.MethodArgumentTypeMismatchException: Failed to convert value of type 'java.lang.String' to required type 'int'; nested exception is java.lang.NumberFormatException: For input string: ""]
2023-03-19 16:50:53.882 DEBUG 19292 --- [http-nio-8083-exec-5] o.s.web.servlet.DispatcherServlet        : Completed 400 BAD_REQUEST
2023-03-19 16:50:53.883 DEBUG 19292 --- [http-nio-8083-exec-5] o.s.web.servlet.DispatcherServlet        : "ERROR" dispatch for GET "/error?undefined=undefined&id=3", parameters={masked}
2023-03-19 16:50:53.883 DEBUG 19292 --- [http-nio-8083-exec-5] s.w.s.m.m.a.RequestMappingHandlerMapping : Mapped to org.springframework.boot.autoconfigure.web.servlet.error.BasicErrorController#error(HttpServletRequest)
2023-03-19 16:50:53.884 DEBUG 19292 --- [http-nio-8083-exec-5] o.s.w.s.m.m.a.HttpEntityMethodProcessor  : Using 'application/json', given [*/*] and supported [application/json, application/*+json, application/json, application/*+json]
2023-03-19 16:50:53.884 DEBUG 19292 --- [http-nio-8083-exec-5] o.s.w.s.m.m.a.HttpEntityMethodProcessor  : Writing [{timestamp=Sun Mar 19 16:50:53 CST 2023, status=400, error=Bad Request, path=/article/click}]
2023-03-19 16:50:53.885 DEBUG 19292 --- [http-nio-8083-exec-5] o.s.web.servlet.DispatcherServlet        : Exiting from "ERROR" dispatch, status 400
2023-03-19 16:54:22.445 DEBUG 19292 --- [http-nio-8083-exec-6] o.s.web.servlet.DispatcherServlet        : OPTIONS "/article/click?1=undefined&id=1", parameters={masked}
2023-03-19 16:54:22.445 DEBUG 19292 --- [http-nio-8083-exec-6] s.w.s.m.m.a.RequestMappingHandlerMapping : Mapped to com.example.controll.article.ArticleController#findByid(int)
2023-03-19 16:54:22.446 DEBUG 19292 --- [http-nio-8083-exec-6] o.s.web.servlet.DispatcherServlet        : Completed 200 OK
2023-03-19 16:54:22.452 DEBUG 19292 --- [http-nio-8083-exec-7] o.s.web.servlet.DispatcherServlet        : GET "/article/click?1=undefined&id=1", parameters={masked}
2023-03-19 16:54:22.453 DEBUG 19292 --- [http-nio-8083-exec-7] s.w.s.m.m.a.RequestMappingHandlerMapping : Mapped to com.example.controll.article.ArticleController#findByid(int)
2023-03-19 16:54:22.454 DEBUG 19292 --- [http-nio-8083-exec-7] o.s.web.method.HandlerMethod             : Could not resolve parameter [0] in public com.example.pojo.Article com.example.controll.article.ArticleController.findByid(int): Failed to convert value of type 'java.lang.String' to required type 'int'; nested exception is java.lang.NumberFormatException: For input string: ""
2023-03-19 16:54:22.454  WARN 19292 --- [http-nio-8083-exec-7] .w.s.m.s.DefaultHandlerExceptionResolver : Resolved [org.springframework.web.method.annotation.MethodArgumentTypeMismatchException: Failed to convert value of type 'java.lang.String' to required type 'int'; nested exception is java.lang.NumberFormatException: For input string: ""]
2023-03-19 16:54:22.454 DEBUG 19292 --- [http-nio-8083-exec-7] o.s.web.servlet.DispatcherServlet        : Completed 400 BAD_REQUEST
2023-03-19 16:54:22.454 DEBUG 19292 --- [http-nio-8083-exec-7] o.s.web.servlet.DispatcherServlet        : "ERROR" dispatch for GET "/error?1=undefined&id=1", parameters={masked}
2023-03-19 16:54:22.455 DEBUG 19292 --- [http-nio-8083-exec-7] s.w.s.m.m.a.RequestMappingHandlerMapping : Mapped to org.springframework.boot.autoconfigure.web.servlet.error.BasicErrorController#error(HttpServletRequest)
2023-03-19 16:54:22.455 DEBUG 19292 --- [http-nio-8083-exec-7] o.s.w.s.m.m.a.HttpEntityMethodProcessor  : Using 'application/json', given [*/*] and supported [application/json, application/*+json, application/json, application/*+json]
2023-03-19 16:54:22.456 DEBUG 19292 --- [http-nio-8083-exec-7] o.s.w.s.m.m.a.HttpEntityMethodProcessor  : Writing [{timestamp=Sun Mar 19 16:54:22 CST 2023, status=400, error=Bad Request, path=/article/click}]
2023-03-19 16:54:22.457 DEBUG 19292 --- [http-nio-8083-exec-7] o.s.web.servlet.DispatcherServlet        : Exiting from "ERROR" dispatch, status 400
2023-03-19 16:54:24.372 DEBUG 19292 --- [http-nio-8083-exec-8] o.s.web.servlet.DispatcherServlet        : OPTIONS "/article/click?3=undefined&id=3", parameters={masked}
2023-03-19 16:54:24.373 DEBUG 19292 --- [http-nio-8083-exec-8] s.w.s.m.m.a.RequestMappingHandlerMapping : Mapped to com.example.controll.article.ArticleController#findByid(int)
2023-03-19 16:54:24.373 DEBUG 19292 --- [http-nio-8083-exec-8] o.s.web.servlet.DispatcherServlet        : Completed 200 OK
2023-03-19 16:54:24.378 DEBUG 19292 --- [http-nio-8083-exec-9] o.s.web.servlet.DispatcherServlet        : GET "/article/click?3=undefined&id=3", parameters={masked}
2023-03-19 16:54:24.379 DEBUG 19292 --- [http-nio-8083-exec-9] s.w.s.m.m.a.RequestMappingHandlerMapping : Mapped to com.example.controll.article.ArticleController#findByid(int)
2023-03-19 16:54:24.379 DEBUG 19292 --- [http-nio-8083-exec-9] o.s.web.method.HandlerMethod             : Could not resolve parameter [0] in public com.example.pojo.Article com.example.controll.article.ArticleController.findByid(int): Failed to convert value of type 'java.lang.String' to required type 'int'; nested exception is java.lang.NumberFormatException: For input string: ""
2023-03-19 16:54:24.380  WARN 19292 --- [http-nio-8083-exec-9] .w.s.m.s.DefaultHandlerExceptionResolver : Resolved [org.springframework.web.method.annotation.MethodArgumentTypeMismatchException: Failed to convert value of type 'java.lang.String' to required type 'int'; nested exception is java.lang.NumberFormatException: For input string: ""]
2023-03-19 16:54:24.380 DEBUG 19292 --- [http-nio-8083-exec-9] o.s.web.servlet.DispatcherServlet        : Completed 400 BAD_REQUEST
2023-03-19 16:54:24.380 DEBUG 19292 --- [http-nio-8083-exec-9] o.s.web.servlet.DispatcherServlet        : "ERROR" dispatch for GET "/error?3=undefined&id=3", parameters={masked}
2023-03-19 16:54:24.380 DEBUG 19292 --- [http-nio-8083-exec-9] s.w.s.m.m.a.RequestMappingHandlerMapping : Mapped to org.springframework.boot.autoconfigure.web.servlet.error.BasicErrorController#error(HttpServletRequest)
2023-03-19 16:54:24.381 DEBUG 19292 --- [http-nio-8083-exec-9] o.s.w.s.m.m.a.HttpEntityMethodProcessor  : Using 'application/json', given [*/*] and supported [application/json, application/*+json, application/json, application/*+json]
2023-03-19 16:54:24.381 DEBUG 19292 --- [http-nio-8083-exec-9] o.s.w.s.m.m.a.HttpEntityMethodProcessor  : Writing [{timestamp=Sun Mar 19 16:54:24 CST 2023, status=400, error=Bad Request, path=/article/click}]
2023-03-19 16:54:24.382 DEBUG 19292 --- [http-nio-8083-exec-9] o.s.web.servlet.DispatcherServlet        : Exiting from "ERROR" dispatch, status 400
2023-03-19 16:56:03.762  INFO 19292 --- [http-nio-8083-exec-10] o.apache.coyote.http11.Http11Processor   : Error parsing HTTP request header
 Note: further occurrences of HTTP request parsing errors will be logged at DEBUG level.

java.lang.IllegalArgumentException: Invalid character found in the request target [/article/click?{%27this.$data.aid%27}=undefined&id=3 ]. The valid characters are defined in RFC 7230 and RFC 3986
	at org.apache.coyote.http11.Http11InputBuffer.parseRequestLine(Http11InputBuffer.java:494) ~[tomcat-embed-core-9.0.71.jar:9.0.71]
	at org.apache.coyote.http11.Http11Processor.service(Http11Processor.java:271) ~[tomcat-embed-core-9.0.71.jar:9.0.71]
	at org.apache.coyote.AbstractProcessorLight.process(AbstractProcessorLight.java:65) ~[tomcat-embed-core-9.0.71.jar:9.0.71]
	at org.apache.coyote.AbstractProtocol$ConnectionHandler.process(AbstractProtocol.java:891) ~[tomcat-embed-core-9.0.71.jar:9.0.71]
	at org.apache.tomcat.util.net.NioEndpoint$SocketProcessor.doRun(NioEndpoint.java:1784) ~[tomcat-embed-core-9.0.71.jar:9.0.71]
	at org.apache.tomcat.util.net.SocketProcessorBase.run(SocketProcessorBase.java:49) ~[tomcat-embed-core-9.0.71.jar:9.0.71]
	at org.apache.tomcat.util.threads.ThreadPoolExecutor.runWorker(ThreadPoolExecutor.java:1191) ~[tomcat-embed-core-9.0.71.jar:9.0.71]
	at org.apache.tomcat.util.threads.ThreadPoolExecutor$Worker.run(ThreadPoolExecutor.java:659) ~[tomcat-embed-core-9.0.71.jar:9.0.71]
	at org.apache.tomcat.util.threads.TaskThread$WrappingRunnable.run(TaskThread.java:61) ~[tomcat-embed-core-9.0.71.jar:9.0.71]
	at java.base/java.lang.Thread.run(Thread.java:834) ~[na:na]

2023-03-19 16:56:08.775 DEBUG 19292 --- [http-nio-8083-exec-1] o.s.web.servlet.DispatcherServlet        : GET "//index/getswipper?text=uni.request", parameters={masked}
2023-03-19 16:56:08.775 DEBUG 19292 --- [http-nio-8083-exec-1] s.w.s.m.m.a.RequestMappingHandlerMapping : Mapped to com.example.controll.idex.IndexController#getSwipper()
2023-03-19 16:56:08.776 DEBUG 19292 --- [http-nio-8083-exec-2] o.s.web.servlet.DispatcherServlet        : GET "//index/gethotmovie?text=uni.request", parameters={masked}
2023-03-19 16:56:08.777 DEBUG 19292 --- [http-nio-8083-exec-2] s.w.s.m.m.a.RequestMappingHandlerMapping : Mapped to com.example.controll.idex.IndexController#seletAll()
2023-03-19 16:56:08.782 DEBUG 19292 --- [http-nio-8083-exec-1] m.m.a.RequestResponseBodyMethodProcessor : Using 'text/plain', given [*/*] and supported [text/plain, */*, text/plain, */*, application/json, application/*+json, application/json, application/*+json]
2023-03-19 16:56:08.782 DEBUG 19292 --- [http-nio-8083-exec-1] m.m.a.RequestResponseBodyMethodProcessor : Writing ["[{"simg":"https://inews.gtimg.com/newsapp_bt/0/14268484963/1000","sname":"蜘蛛侠","surl":"蜘蛛侠","said":1 (truncated)..."]
2023-03-19 16:56:08.783 DEBUG 19292 --- [http-nio-8083-exec-1] o.s.web.servlet.DispatcherServlet        : Completed 200 OK
2023-03-19 16:56:08.787 DEBUG 19292 --- [http-nio-8083-exec-2] m.m.a.RequestResponseBodyMethodProcessor : Using 'text/plain', given [*/*] and supported [text/plain, */*, text/plain, */*, application/json, application/*+json, application/json, application/*+json]
2023-03-19 16:56:08.787 DEBUG 19292 --- [http-nio-8083-exec-2] m.m.a.RequestResponseBodyMethodProcessor : Writing ["[{"murl":"https://img2.baidu.com/it/u\u003d2682465669,2578216599\u0026fm\u003d253\u0026fmt\u003dauto (truncated)..."]
2023-03-19 16:56:08.788 DEBUG 19292 --- [http-nio-8083-exec-2] o.s.web.servlet.DispatcherServlet        : Completed 200 OK
2023-03-19 16:56:09.262  INFO 19292 --- [http-nio-8083-exec-3] o.apache.coyote.http11.Http11Processor   : Error parsing HTTP request header
 Note: further occurrences of HTTP request parsing errors will be logged at DEBUG level.

java.lang.IllegalArgumentException: Invalid character found in the request target [/article/click?{%27this.$data.aid%27}=undefined&id=1 ]. The valid characters are defined in RFC 7230 and RFC 3986
	at org.apache.coyote.http11.Http11InputBuffer.parseRequestLine(Http11InputBuffer.java:494) ~[tomcat-embed-core-9.0.71.jar:9.0.71]
	at org.apache.coyote.http11.Http11Processor.service(Http11Processor.java:271) ~[tomcat-embed-core-9.0.71.jar:9.0.71]
	at org.apache.coyote.AbstractProcessorLight.process(AbstractProcessorLight.java:65) ~[tomcat-embed-core-9.0.71.jar:9.0.71]
	at org.apache.coyote.AbstractProtocol$ConnectionHandler.process(AbstractProtocol.java:891) ~[tomcat-embed-core-9.0.71.jar:9.0.71]
	at org.apache.tomcat.util.net.NioEndpoint$SocketProcessor.doRun(NioEndpoint.java:1784) ~[tomcat-embed-core-9.0.71.jar:9.0.71]
	at org.apache.tomcat.util.net.SocketProcessorBase.run(SocketProcessorBase.java:49) ~[tomcat-embed-core-9.0.71.jar:9.0.71]
	at org.apache.tomcat.util.threads.ThreadPoolExecutor.runWorker(ThreadPoolExecutor.java:1191) ~[tomcat-embed-core-9.0.71.jar:9.0.71]
	at org.apache.tomcat.util.threads.ThreadPoolExecutor$Worker.run(ThreadPoolExecutor.java:659) ~[tomcat-embed-core-9.0.71.jar:9.0.71]
	at org.apache.tomcat.util.threads.TaskThread$WrappingRunnable.run(TaskThread.java:61) ~[tomcat-embed-core-9.0.71.jar:9.0.71]
	at java.base/java.lang.Thread.run(Thread.java:834) ~[na:na]

2023-03-19 16:56:51.213 DEBUG 19292 --- [http-nio-8083-exec-6] o.s.web.servlet.DispatcherServlet        : OPTIONS "/article/click?this.$data.id=undefined&id=1", parameters={masked}
2023-03-19 16:56:51.213 DEBUG 19292 --- [http-nio-8083-exec-6] s.w.s.m.m.a.RequestMappingHandlerMapping : Mapped to com.example.controll.article.ArticleController#findByid(int)
2023-03-19 16:56:51.213 DEBUG 19292 --- [http-nio-8083-exec-6] o.s.web.servlet.DispatcherServlet        : Completed 200 OK
2023-03-19 16:56:51.218 DEBUG 19292 --- [http-nio-8083-exec-7] o.s.web.servlet.DispatcherServlet        : GET "/article/click?this.$data.id=undefined&id=1", parameters={masked}
2023-03-19 16:56:51.219 DEBUG 19292 --- [http-nio-8083-exec-7] s.w.s.m.m.a.RequestMappingHandlerMapping : Mapped to com.example.controll.article.ArticleController#findByid(int)
2023-03-19 16:56:51.220 DEBUG 19292 --- [http-nio-8083-exec-7] o.s.web.method.HandlerMethod             : Could not resolve parameter [0] in public com.example.pojo.Article com.example.controll.article.ArticleController.findByid(int): Failed to convert value of type 'java.lang.String' to required type 'int'; nested exception is java.lang.NumberFormatException: For input string: ""
2023-03-19 16:56:51.221  WARN 19292 --- [http-nio-8083-exec-7] .w.s.m.s.DefaultHandlerExceptionResolver : Resolved [org.springframework.web.method.annotation.MethodArgumentTypeMismatchException: Failed to convert value of type 'java.lang.String' to required type 'int'; nested exception is java.lang.NumberFormatException: For input string: ""]
2023-03-19 16:56:51.221 DEBUG 19292 --- [http-nio-8083-exec-7] o.s.web.servlet.DispatcherServlet        : Completed 400 BAD_REQUEST
2023-03-19 16:56:51.221 DEBUG 19292 --- [http-nio-8083-exec-7] o.s.web.servlet.DispatcherServlet        : "ERROR" dispatch for GET "/error?this.$data.id=undefined&id=1", parameters={masked}
2023-03-19 16:56:51.222 DEBUG 19292 --- [http-nio-8083-exec-7] s.w.s.m.m.a.RequestMappingHandlerMapping : Mapped to org.springframework.boot.autoconfigure.web.servlet.error.BasicErrorController#error(HttpServletRequest)
2023-03-19 16:56:51.222 DEBUG 19292 --- [http-nio-8083-exec-7] o.s.w.s.m.m.a.HttpEntityMethodProcessor  : Using 'application/json', given [*/*] and supported [application/json, application/*+json, application/json, application/*+json]
2023-03-19 16:56:51.223 DEBUG 19292 --- [http-nio-8083-exec-7] o.s.w.s.m.m.a.HttpEntityMethodProcessor  : Writing [{timestamp=Sun Mar 19 16:56:51 CST 2023, status=400, error=Bad Request, path=/article/click}]
2023-03-19 16:56:51.224 DEBUG 19292 --- [http-nio-8083-exec-7] o.s.web.servlet.DispatcherServlet        : Exiting from "ERROR" dispatch, status 400
2023-03-19 16:56:53.958 DEBUG 19292 --- [http-nio-8083-exec-8] o.s.web.servlet.DispatcherServlet        : OPTIONS "/article/click?this.$data.id=undefined&id=5", parameters={masked}
2023-03-19 16:56:53.959 DEBUG 19292 --- [http-nio-8083-exec-8] s.w.s.m.m.a.RequestMappingHandlerMapping : Mapped to com.example.controll.article.ArticleController#findByid(int)
2023-03-19 16:56:53.959 DEBUG 19292 --- [http-nio-8083-exec-8] o.s.web.servlet.DispatcherServlet        : Completed 200 OK
2023-03-19 16:56:53.964 DEBUG 19292 --- [http-nio-8083-exec-9] o.s.web.servlet.DispatcherServlet        : GET "/article/click?this.$data.id=undefined&id=5", parameters={masked}
2023-03-19 16:56:53.965 DEBUG 19292 --- [http-nio-8083-exec-9] s.w.s.m.m.a.RequestMappingHandlerMapping : Mapped to com.example.controll.article.ArticleController#findByid(int)
2023-03-19 16:56:53.966 DEBUG 19292 --- [http-nio-8083-exec-9] o.s.web.method.HandlerMethod             : Could not resolve parameter [0] in public com.example.pojo.Article com.example.controll.article.ArticleController.findByid(int): Failed to convert value of type 'java.lang.String' to required type 'int'; nested exception is java.lang.NumberFormatException: For input string: ""
2023-03-19 16:56:53.966  WARN 19292 --- [http-nio-8083-exec-9] .w.s.m.s.DefaultHandlerExceptionResolver : Resolved [org.springframework.web.method.annotation.MethodArgumentTypeMismatchException: Failed to convert value of type 'java.lang.String' to required type 'int'; nested exception is java.lang.NumberFormatException: For input string: ""]
2023-03-19 16:56:53.966 DEBUG 19292 --- [http-nio-8083-exec-9] o.s.web.servlet.DispatcherServlet        : Completed 400 BAD_REQUEST
2023-03-19 16:56:53.967 DEBUG 19292 --- [http-nio-8083-exec-9] o.s.web.servlet.DispatcherServlet        : "ERROR" dispatch for GET "/error?this.$data.id=undefined&id=5", parameters={masked}
2023-03-19 16:56:53.967 DEBUG 19292 --- [http-nio-8083-exec-9] s.w.s.m.m.a.RequestMappingHandlerMapping : Mapped to org.springframework.boot.autoconfigure.web.servlet.error.BasicErrorController#error(HttpServletRequest)
2023-03-19 16:56:53.968 DEBUG 19292 --- [http-nio-8083-exec-9] o.s.w.s.m.m.a.HttpEntityMethodProcessor  : Using 'application/json', given [*/*] and supported [application/json, application/*+json, application/json, application/*+json]
2023-03-19 16:56:53.969 DEBUG 19292 --- [http-nio-8083-exec-9] o.s.w.s.m.m.a.HttpEntityMethodProcessor  : Writing [{timestamp=Sun Mar 19 16:56:53 CST 2023, status=400, error=Bad Request, path=/article/click}]
2023-03-19 16:56:53.970 DEBUG 19292 --- [http-nio-8083-exec-9] o.s.web.servlet.DispatcherServlet        : Exiting from "ERROR" dispatch, status 400
2023-03-19 16:57:31.435 DEBUG 19292 --- [http-nio-8083-exec-10] o.s.web.servlet.DispatcherServlet        : OPTIONS "/article/click?this.$data.id=undefined&id=2", parameters={masked}
2023-03-19 16:57:31.436 DEBUG 19292 --- [http-nio-8083-exec-10] s.w.s.m.m.a.RequestMappingHandlerMapping : Mapped to com.example.controll.article.ArticleController#findByid(int)
2023-03-19 16:57:31.437 DEBUG 19292 --- [http-nio-8083-exec-10] o.s.web.servlet.DispatcherServlet        : Completed 200 OK
2023-03-19 16:57:31.445 DEBUG 19292 --- [http-nio-8083-exec-1] o.s.web.servlet.DispatcherServlet        : GET "/article/click?this.$data.id=undefined&id=2", parameters={masked}
2023-03-19 16:57:31.446 DEBUG 19292 --- [http-nio-8083-exec-1] s.w.s.m.m.a.RequestMappingHandlerMapping : Mapped to com.example.controll.article.ArticleController#findByid(int)
2023-03-19 16:57:31.446 DEBUG 19292 --- [http-nio-8083-exec-1] o.s.web.method.HandlerMethod             : Could not resolve parameter [0] in public com.example.pojo.Article com.example.controll.article.ArticleController.findByid(int): Failed to convert value of type 'java.lang.String' to required type 'int'; nested exception is java.lang.NumberFormatException: For input string: ""
2023-03-19 16:57:31.446  WARN 19292 --- [http-nio-8083-exec-1] .w.s.m.s.DefaultHandlerExceptionResolver : Resolved [org.springframework.web.method.annotation.MethodArgumentTypeMismatchException: Failed to convert value of type 'java.lang.String' to required type 'int'; nested exception is java.lang.NumberFormatException: For input string: ""]
2023-03-19 16:57:31.446 DEBUG 19292 --- [http-nio-8083-exec-1] o.s.web.servlet.DispatcherServlet        : Completed 400 BAD_REQUEST
2023-03-19 16:57:31.447 DEBUG 19292 --- [http-nio-8083-exec-1] o.s.web.servlet.DispatcherServlet        : "ERROR" dispatch for GET "/error?this.$data.id=undefined&id=2", parameters={masked}
2023-03-19 16:57:31.447 DEBUG 19292 --- [http-nio-8083-exec-1] s.w.s.m.m.a.RequestMappingHandlerMapping : Mapped to org.springframework.boot.autoconfigure.web.servlet.error.BasicErrorController#error(HttpServletRequest)
2023-03-19 16:57:31.447 DEBUG 19292 --- [http-nio-8083-exec-1] o.s.w.s.m.m.a.HttpEntityMethodProcessor  : Using 'application/json', given [*/*] and supported [application/json, application/*+json, application/json, application/*+json]
2023-03-19 16:57:31.447 DEBUG 19292 --- [http-nio-8083-exec-1] o.s.w.s.m.m.a.HttpEntityMethodProcessor  : Writing [{timestamp=Sun Mar 19 16:57:31 CST 2023, status=400, error=Bad Request, path=/article/click}]
2023-03-19 16:57:31.448 DEBUG 19292 --- [http-nio-8083-exec-1] o.s.web.servlet.DispatcherServlet        : Exiting from "ERROR" dispatch, status 400
2023-03-19 16:57:32.849 DEBUG 19292 --- [http-nio-8083-exec-2] o.s.web.servlet.DispatcherServlet        : OPTIONS "/article/click?this.$data.id=undefined&id=NaN", parameters={masked}
2023-03-19 16:57:32.849 DEBUG 19292 --- [http-nio-8083-exec-2] s.w.s.m.m.a.RequestMappingHandlerMapping : Mapped to com.example.controll.article.ArticleController#findByid(int)
2023-03-19 16:57:32.849 DEBUG 19292 --- [http-nio-8083-exec-2] o.s.web.servlet.DispatcherServlet        : Completed 200 OK
2023-03-19 16:57:32.853 DEBUG 19292 --- [http-nio-8083-exec-3] o.s.web.servlet.DispatcherServlet        : GET "/article/click?this.$data.id=undefined&id=NaN", parameters={masked}
2023-03-19 16:57:32.854 DEBUG 19292 --- [http-nio-8083-exec-3] s.w.s.m.m.a.RequestMappingHandlerMapping : Mapped to com.example.controll.article.ArticleController#findByid(int)
2023-03-19 16:57:32.854 DEBUG 19292 --- [http-nio-8083-exec-3] o.s.web.method.HandlerMethod             : Could not resolve parameter [0] in public com.example.pojo.Article com.example.controll.article.ArticleController.findByid(int): Failed to convert value of type 'java.lang.String' to required type 'int'; nested exception is java.lang.NumberFormatException: For input string: ""
2023-03-19 16:57:32.855  WARN 19292 --- [http-nio-8083-exec-3] .w.s.m.s.DefaultHandlerExceptionResolver : Resolved [org.springframework.web.method.annotation.MethodArgumentTypeMismatchException: Failed to convert value of type 'java.lang.String' to required type 'int'; nested exception is java.lang.NumberFormatException: For input string: ""]
2023-03-19 16:57:32.855 DEBUG 19292 --- [http-nio-8083-exec-3] o.s.web.servlet.DispatcherServlet        : Completed 400 BAD_REQUEST
2023-03-19 16:57:32.856 DEBUG 19292 --- [http-nio-8083-exec-3] o.s.web.servlet.DispatcherServlet        : "ERROR" dispatch for GET "/error?this.$data.id=undefined&id=NaN", parameters={masked}
2023-03-19 16:57:32.856 DEBUG 19292 --- [http-nio-8083-exec-3] s.w.s.m.m.a.RequestMappingHandlerMapping : Mapped to org.springframework.boot.autoconfigure.web.servlet.error.BasicErrorController#error(HttpServletRequest)
2023-03-19 16:57:32.856 DEBUG 19292 --- [http-nio-8083-exec-3] o.s.w.s.m.m.a.HttpEntityMethodProcessor  : Using 'application/json', given [*/*] and supported [application/json, application/*+json, application/json, application/*+json]
2023-03-19 16:57:32.857 DEBUG 19292 --- [http-nio-8083-exec-3] o.s.w.s.m.m.a.HttpEntityMethodProcessor  : Writing [{timestamp=Sun Mar 19 16:57:32 CST 2023, status=400, error=Bad Request, path=/article/click}]
2023-03-19 16:57:32.857 DEBUG 19292 --- [http-nio-8083-exec-3] o.s.web.servlet.DispatcherServlet        : Exiting from "ERROR" dispatch, status 400
2023-03-19 16:57:34.323 DEBUG 19292 --- [http-nio-8083-exec-4] o.s.web.servlet.DispatcherServlet        : GET "/article/click?this.$data.id=undefined&id=NaN", parameters={masked}
2023-03-19 16:57:34.324 DEBUG 19292 --- [http-nio-8083-exec-4] s.w.s.m.m.a.RequestMappingHandlerMapping : Mapped to com.example.controll.article.ArticleController#findByid(int)
2023-03-19 16:57:34.324 DEBUG 19292 --- [http-nio-8083-exec-4] o.s.web.method.HandlerMethod             : Could not resolve parameter [0] in public com.example.pojo.Article com.example.controll.article.ArticleController.findByid(int): Failed to convert value of type 'java.lang.String' to required type 'int'; nested exception is java.lang.NumberFormatException: For input string: ""
2023-03-19 16:57:34.324  WARN 19292 --- [http-nio-8083-exec-4] .w.s.m.s.DefaultHandlerExceptionResolver : Resolved [org.springframework.web.method.annotation.MethodArgumentTypeMismatchException: Failed to convert value of type 'java.lang.String' to required type 'int'; nested exception is java.lang.NumberFormatException: For input string: ""]
2023-03-19 16:57:34.324 DEBUG 19292 --- [http-nio-8083-exec-4] o.s.web.servlet.DispatcherServlet        : Completed 400 BAD_REQUEST
2023-03-19 16:57:34.325 DEBUG 19292 --- [http-nio-8083-exec-4] o.s.web.servlet.DispatcherServlet        : "ERROR" dispatch for GET "/error?this.$data.id=undefined&id=NaN", parameters={masked}
2023-03-19 16:57:34.325 DEBUG 19292 --- [http-nio-8083-exec-4] s.w.s.m.m.a.RequestMappingHandlerMapping : Mapped to org.springframework.boot.autoconfigure.web.servlet.error.BasicErrorController#error(HttpServletRequest)
2023-03-19 16:57:34.325 DEBUG 19292 --- [http-nio-8083-exec-4] o.s.w.s.m.m.a.HttpEntityMethodProcessor  : Using 'application/json', given [*/*] and supported [application/json, application/*+json, application/json, application/*+json]
2023-03-19 16:57:34.326 DEBUG 19292 --- [http-nio-8083-exec-4] o.s.w.s.m.m.a.HttpEntityMethodProcessor  : Writing [{timestamp=Sun Mar 19 16:57:34 CST 2023, status=400, error=Bad Request, path=/article/click}]
2023-03-19 16:57:34.326 DEBUG 19292 --- [http-nio-8083-exec-4] o.s.web.servlet.DispatcherServlet        : Exiting from "ERROR" dispatch, status 400
2023-03-19 16:57:35.722 DEBUG 19292 --- [http-nio-8083-exec-5] o.s.web.servlet.DispatcherServlet        : GET "/article/click?this.$data.id=undefined&id=NaN", parameters={masked}
2023-03-19 16:57:35.723 DEBUG 19292 --- [http-nio-8083-exec-5] s.w.s.m.m.a.RequestMappingHandlerMapping : Mapped to com.example.controll.article.ArticleController#findByid(int)
2023-03-19 16:57:35.724 DEBUG 19292 --- [http-nio-8083-exec-5] o.s.web.method.HandlerMethod             : Could not resolve parameter [0] in public com.example.pojo.Article com.example.controll.article.ArticleController.findByid(int): Failed to convert value of type 'java.lang.String' to required type 'int'; nested exception is java.lang.NumberFormatException: For input string: ""
2023-03-19 16:57:35.724  WARN 19292 --- [http-nio-8083-exec-5] .w.s.m.s.DefaultHandlerExceptionResolver : Resolved [org.springframework.web.method.annotation.MethodArgumentTypeMismatchException: Failed to convert value of type 'java.lang.String' to required type 'int'; nested exception is java.lang.NumberFormatException: For input string: ""]
2023-03-19 16:57:35.724 DEBUG 19292 --- [http-nio-8083-exec-5] o.s.web.servlet.DispatcherServlet        : Completed 400 BAD_REQUEST
2023-03-19 16:57:35.724 DEBUG 19292 --- [http-nio-8083-exec-5] o.s.web.servlet.DispatcherServlet        : "ERROR" dispatch for GET "/error?this.$data.id=undefined&id=NaN", parameters={masked}
2023-03-19 16:57:35.725 DEBUG 19292 --- [http-nio-8083-exec-5] s.w.s.m.m.a.RequestMappingHandlerMapping : Mapped to org.springframework.boot.autoconfigure.web.servlet.error.BasicErrorController#error(HttpServletRequest)
2023-03-19 16:57:35.726 DEBUG 19292 --- [http-nio-8083-exec-5] o.s.w.s.m.m.a.HttpEntityMethodProcessor  : Using 'application/json', given [*/*] and supported [application/json, application/*+json, application/json, application/*+json]
2023-03-19 16:57:35.726 DEBUG 19292 --- [http-nio-8083-exec-5] o.s.w.s.m.m.a.HttpEntityMethodProcessor  : Writing [{timestamp=Sun Mar 19 16:57:35 CST 2023, status=400, error=Bad Request, path=/article/click}]
2023-03-19 16:57:35.727 DEBUG 19292 --- [http-nio-8083-exec-5] o.s.web.servlet.DispatcherServlet        : Exiting from "ERROR" dispatch, status 400
2023-03-19 16:57:48.245 DEBUG 19292 --- [http-nio-8083-exec-6] o.s.web.servlet.DispatcherServlet        : GET "/getimgurl/getrecommend", parameters={}
2023-03-19 16:57:48.246 DEBUG 19292 --- [http-nio-8083-exec-6] s.w.s.m.m.a.RequestMappingHandlerMapping : Mapped to com.example.controll.recommend.RecommendController#getrecommend()
2023-03-19 16:57:48.250 DEBUG 19292 --- [http-nio-8083-exec-6] m.m.a.RequestResponseBodyMethodProcessor : Using 'text/plain', given [*/*] and supported [text/plain, */*, text/plain, */*, application/json, application/*+json, application/json, application/*+json]
2023-03-19 16:57:48.250 DEBUG 19292 --- [http-nio-8083-exec-6] m.m.a.RequestResponseBodyMethodProcessor : Writing ["[{"rno":"NO:1","rimg":"https://img2.baidu.com/it/u\u003d2682465669,2578216599\u0026fm\u003d253\u0026 (truncated)..."]
2023-03-19 16:57:48.250 DEBUG 19292 --- [http-nio-8083-exec-6] o.s.web.servlet.DispatcherServlet        : Completed 200 OK
2023-03-19 17:00:40.146 DEBUG 19292 --- [http-nio-8083-exec-8] o.s.web.servlet.DispatcherServlet        : GET "//index/getswipper?text=uni.request", parameters={masked}
2023-03-19 17:00:40.147 DEBUG 19292 --- [http-nio-8083-exec-8] s.w.s.m.m.a.RequestMappingHandlerMapping : Mapped to com.example.controll.idex.IndexController#getSwipper()
2023-03-19 17:00:40.148 DEBUG 19292 --- [http-nio-8083-exec-9] o.s.web.servlet.DispatcherServlet        : GET "//index/gethotmovie?text=uni.request", parameters={masked}
2023-03-19 17:00:40.148 DEBUG 19292 --- [http-nio-8083-exec-9] s.w.s.m.m.a.RequestMappingHandlerMapping : Mapped to com.example.controll.idex.IndexController#seletAll()
2023-03-19 17:00:40.153 DEBUG 19292 --- [http-nio-8083-exec-8] m.m.a.RequestResponseBodyMethodProcessor : Using 'text/plain', given [*/*] and supported [text/plain, */*, text/plain, */*, application/json, application/*+json, application/json, application/*+json]
2023-03-19 17:00:40.153 DEBUG 19292 --- [http-nio-8083-exec-8] m.m.a.RequestResponseBodyMethodProcessor : Writing ["[{"simg":"https://inews.gtimg.com/newsapp_bt/0/14268484963/1000","sname":"蜘蛛侠","surl":"蜘蛛侠","said":1 (truncated)..."]
2023-03-19 17:00:40.155 DEBUG 19292 --- [http-nio-8083-exec-8] o.s.web.servlet.DispatcherServlet        : Completed 200 OK
2023-03-19 17:00:40.157 DEBUG 19292 --- [http-nio-8083-exec-9] m.m.a.RequestResponseBodyMethodProcessor : Using 'text/plain', given [*/*] and supported [text/plain, */*, text/plain, */*, application/json, application/*+json, application/json, application/*+json]
2023-03-19 17:00:40.157 DEBUG 19292 --- [http-nio-8083-exec-9] m.m.a.RequestResponseBodyMethodProcessor : Writing ["[{"murl":"https://img2.baidu.com/it/u\u003d2682465669,2578216599\u0026fm\u003d253\u0026fmt\u003dauto (truncated)..."]
2023-03-19 17:00:40.158 DEBUG 19292 --- [http-nio-8083-exec-9] o.s.web.servlet.DispatcherServlet        : Completed 200 OK
2023-03-19 17:02:11.322 DEBUG 19292 --- [http-nio-8083-exec-2] o.s.web.servlet.DispatcherServlet        : GET "/getimgurl/getrecommend", parameters={}
2023-03-19 17:02:11.322 DEBUG 19292 --- [http-nio-8083-exec-2] s.w.s.m.m.a.RequestMappingHandlerMapping : Mapped to com.example.controll.recommend.RecommendController#getrecommend()
2023-03-19 17:02:11.329 DEBUG 19292 --- [http-nio-8083-exec-2] m.m.a.RequestResponseBodyMethodProcessor : Using 'text/plain', given [*/*] and supported [text/plain, */*, text/plain, */*, application/json, application/*+json, application/json, application/*+json]
2023-03-19 17:02:11.329 DEBUG 19292 --- [http-nio-8083-exec-2] m.m.a.RequestResponseBodyMethodProcessor : Writing ["[{"rno":"NO:1","rimg":"https://img2.baidu.com/it/u\u003d2682465669,2578216599\u0026fm\u003d253\u0026 (truncated)..."]
2023-03-19 17:02:11.330 DEBUG 19292 --- [http-nio-8083-exec-2] o.s.web.servlet.DispatcherServlet        : Completed 200 OK
2023-03-19 17:02:15.207 DEBUG 19292 --- [http-nio-8083-exec-3] o.s.web.servlet.DispatcherServlet        : GET "/getimgurl/getrecommend", parameters={}
2023-03-19 17:02:15.207 DEBUG 19292 --- [http-nio-8083-exec-3] s.w.s.m.m.a.RequestMappingHandlerMapping : Mapped to com.example.controll.recommend.RecommendController#getrecommend()
2023-03-19 17:02:15.215 DEBUG 19292 --- [http-nio-8083-exec-3] m.m.a.RequestResponseBodyMethodProcessor : Using 'text/plain', given [*/*] and supported [text/plain, */*, text/plain, */*, application/json, application/*+json, application/json, application/*+json]
2023-03-19 17:02:15.216 DEBUG 19292 --- [http-nio-8083-exec-3] m.m.a.RequestResponseBodyMethodProcessor : Writing ["[{"rno":"NO:1","rimg":"https://img2.baidu.com/it/u\u003d2682465669,2578216599\u0026fm\u003d253\u0026 (truncated)..."]
2023-03-19 17:02:15.217 DEBUG 19292 --- [http-nio-8083-exec-3] o.s.web.servlet.DispatcherServlet        : Completed 200 OK
2023-03-19 17:03:50.254 DEBUG 19292 --- [http-nio-8083-exec-5] o.s.web.servlet.DispatcherServlet        : GET "/getimgurl/getrecommend", parameters={}
2023-03-19 17:03:50.254 DEBUG 19292 --- [http-nio-8083-exec-5] s.w.s.m.m.a.RequestMappingHandlerMapping : Mapped to com.example.controll.recommend.RecommendController#getrecommend()
2023-03-19 17:03:50.257 DEBUG 19292 --- [http-nio-8083-exec-5] m.m.a.RequestResponseBodyMethodProcessor : Using 'text/plain', given [*/*] and supported [text/plain, */*, text/plain, */*, application/json, application/*+json, application/json, application/*+json]
2023-03-19 17:03:50.258 DEBUG 19292 --- [http-nio-8083-exec-5] m.m.a.RequestResponseBodyMethodProcessor : Writing ["[{"rno":"NO:1","rimg":"https://img2.baidu.com/it/u\u003d2682465669,2578216599\u0026fm\u003d253\u0026 (truncated)..."]
2023-03-19 17:03:50.258 DEBUG 19292 --- [http-nio-8083-exec-5] o.s.web.servlet.DispatcherServlet        : Completed 200 OK
2023-03-19 17:04:03.077 DEBUG 19292 --- [http-nio-8083-exec-7] o.s.web.servlet.DispatcherServlet        : GET "/getimgurl/getrecommend", parameters={}
2023-03-19 17:04:03.078 DEBUG 19292 --- [http-nio-8083-exec-7] s.w.s.m.m.a.RequestMappingHandlerMapping : Mapped to com.example.controll.recommend.RecommendController#getrecommend()
2023-03-19 17:04:03.083 DEBUG 19292 --- [http-nio-8083-exec-7] m.m.a.RequestResponseBodyMethodProcessor : Using 'text/plain', given [*/*] and supported [text/plain, */*, text/plain, */*, application/json, application/*+json, application/json, application/*+json]
2023-03-19 17:04:03.083 DEBUG 19292 --- [http-nio-8083-exec-7] m.m.a.RequestResponseBodyMethodProcessor : Writing ["[{"rno":"NO:1","rimg":"https://img2.baidu.com/it/u\u003d2682465669,2578216599\u0026fm\u003d253\u0026 (truncated)..."]
2023-03-19 17:04:03.084 DEBUG 19292 --- [http-nio-8083-exec-7] o.s.web.servlet.DispatcherServlet        : Completed 200 OK
2023-03-19 17:06:35.023 DEBUG 19292 --- [http-nio-8083-exec-9] o.s.web.servlet.DispatcherServlet        : GET "/getimgurl/getrecommend", parameters={}
2023-03-19 17:06:35.023 DEBUG 19292 --- [http-nio-8083-exec-9] s.w.s.m.m.a.RequestMappingHandlerMapping : Mapped to com.example.controll.recommend.RecommendController#getrecommend()
2023-03-19 17:06:35.029 DEBUG 19292 --- [http-nio-8083-exec-9] m.m.a.RequestResponseBodyMethodProcessor : Using 'text/plain', given [*/*] and supported [text/plain, */*, text/plain, */*, application/json, application/*+json, application/json, application/*+json]
2023-03-19 17:06:35.029 DEBUG 19292 --- [http-nio-8083-exec-9] m.m.a.RequestResponseBodyMethodProcessor : Writing ["[{"rno":"NO:1","rimg":"https://img2.baidu.com/it/u\u003d2682465669,2578216599\u0026fm\u003d253\u0026 (truncated)..."]
2023-03-19 17:06:35.030 DEBUG 19292 --- [http-nio-8083-exec-9] o.s.web.servlet.DispatcherServlet        : Completed 200 OK
2023-03-19 17:06:37.154 DEBUG 19292 --- [http-nio-8083-exec-10] o.s.web.servlet.DispatcherServlet        : GET "//index/getswipper?text=uni.request", parameters={masked}
2023-03-19 17:06:37.154 DEBUG 19292 --- [http-nio-8083-exec-10] s.w.s.m.m.a.RequestMappingHandlerMapping : Mapped to com.example.controll.idex.IndexController#getSwipper()
2023-03-19 17:06:37.156 DEBUG 19292 --- [http-nio-8083-exec-1] o.s.web.servlet.DispatcherServlet        : GET "//index/gethotmovie?text=uni.request", parameters={masked}
2023-03-19 17:06:37.156 DEBUG 19292 --- [http-nio-8083-exec-1] s.w.s.m.m.a.RequestMappingHandlerMapping : Mapped to com.example.controll.idex.IndexController#seletAll()
2023-03-19 17:06:37.160 DEBUG 19292 --- [http-nio-8083-exec-10] m.m.a.RequestResponseBodyMethodProcessor : Using 'text/plain', given [*/*] and supported [text/plain, */*, text/plain, */*, application/json, application/*+json, application/json, application/*+json]
2023-03-19 17:06:37.160 DEBUG 19292 --- [http-nio-8083-exec-10] m.m.a.RequestResponseBodyMethodProcessor : Writing ["[{"simg":"https://inews.gtimg.com/newsapp_bt/0/14268484963/1000","sname":"蜘蛛侠","surl":"蜘蛛侠","said":1 (truncated)..."]
2023-03-19 17:06:37.161 DEBUG 19292 --- [http-nio-8083-exec-10] o.s.web.servlet.DispatcherServlet        : Completed 200 OK
2023-03-19 17:06:37.164 DEBUG 19292 --- [http-nio-8083-exec-1] m.m.a.RequestResponseBodyMethodProcessor : Using 'text/plain', given [*/*] and supported [text/plain, */*, text/plain, */*, application/json, application/*+json, application/json, application/*+json]
2023-03-19 17:06:37.164 DEBUG 19292 --- [http-nio-8083-exec-1] m.m.a.RequestResponseBodyMethodProcessor : Writing ["[{"murl":"https://img2.baidu.com/it/u\u003d2682465669,2578216599\u0026fm\u003d253\u0026fmt\u003dauto (truncated)..."]
2023-03-19 17:06:37.165 DEBUG 19292 --- [http-nio-8083-exec-1] o.s.web.servlet.DispatcherServlet        : Completed 200 OK
2023-03-19 17:06:38.409 DEBUG 19292 --- [http-nio-8083-exec-4] o.s.web.servlet.DispatcherServlet        : GET "//index/getswipper?text=uni.request", parameters={masked}
2023-03-19 17:06:38.409 DEBUG 19292 --- [http-nio-8083-exec-4] s.w.s.m.m.a.RequestMappingHandlerMapping : Mapped to com.example.controll.idex.IndexController#getSwipper()
2023-03-19 17:06:38.416 DEBUG 19292 --- [http-nio-8083-exec-5] o.s.web.servlet.DispatcherServlet        : GET "//index/gethotmovie?text=uni.request", parameters={masked}
2023-03-19 17:06:38.416 DEBUG 19292 --- [http-nio-8083-exec-5] s.w.s.m.m.a.RequestMappingHandlerMapping : Mapped to com.example.controll.idex.IndexController#seletAll()
2023-03-19 17:06:38.417 DEBUG 19292 --- [http-nio-8083-exec-4] m.m.a.RequestResponseBodyMethodProcessor : Using 'text/plain', given [*/*] and supported [text/plain, */*, text/plain, */*, application/json, application/*+json, application/json, application/*+json]
2023-03-19 17:06:38.417 DEBUG 19292 --- [http-nio-8083-exec-4] m.m.a.RequestResponseBodyMethodProcessor : Writing ["[{"simg":"https://inews.gtimg.com/newsapp_bt/0/14268484963/1000","sname":"蜘蛛侠","surl":"蜘蛛侠","said":1 (truncated)..."]
2023-03-19 17:06:38.418 DEBUG 19292 --- [http-nio-8083-exec-4] o.s.web.servlet.DispatcherServlet        : Completed 200 OK
2023-03-19 17:06:38.427 DEBUG 19292 --- [http-nio-8083-exec-5] m.m.a.RequestResponseBodyMethodProcessor : Using 'text/plain', given [*/*] and supported [text/plain, */*, text/plain, */*, application/json, application/*+json, application/json, application/*+json]
2023-03-19 17:06:38.427 DEBUG 19292 --- [http-nio-8083-exec-5] m.m.a.RequestResponseBodyMethodProcessor : Writing ["[{"murl":"https://img2.baidu.com/it/u\u003d2682465669,2578216599\u0026fm\u003d253\u0026fmt\u003dauto (truncated)..."]
2023-03-19 17:06:38.428 DEBUG 19292 --- [http-nio-8083-exec-5] o.s.web.servlet.DispatcherServlet        : Completed 200 OK
2023-03-19 17:06:39.715 DEBUG 19292 --- [http-nio-8083-exec-6] o.s.web.servlet.DispatcherServlet        : GET "/getimgurl/getrecommend", parameters={}
2023-03-19 17:06:39.715 DEBUG 19292 --- [http-nio-8083-exec-6] s.w.s.m.m.a.RequestMappingHandlerMapping : Mapped to com.example.controll.recommend.RecommendController#getrecommend()
2023-03-19 17:06:39.720 DEBUG 19292 --- [http-nio-8083-exec-6] m.m.a.RequestResponseBodyMethodProcessor : Using 'text/plain', given [*/*] and supported [text/plain, */*, text/plain, */*, application/json, application/*+json, application/json, application/*+json]
2023-03-19 17:06:39.720 DEBUG 19292 --- [http-nio-8083-exec-6] m.m.a.RequestResponseBodyMethodProcessor : Writing ["[{"rno":"NO:1","rimg":"https://img2.baidu.com/it/u\u003d2682465669,2578216599\u0026fm\u003d253\u0026 (truncated)..."]
2023-03-19 17:06:39.721 DEBUG 19292 --- [http-nio-8083-exec-6] o.s.web.servlet.DispatcherServlet        : Completed 200 OK
2023-03-19 17:06:40.724 DEBUG 19292 --- [http-nio-8083-exec-7] o.s.web.servlet.DispatcherServlet        : GET "/article/click?this.$data.id=undefined&id=1", parameters={masked}
2023-03-19 17:06:40.725 DEBUG 19292 --- [http-nio-8083-exec-7] s.w.s.m.m.a.RequestMappingHandlerMapping : Mapped to com.example.controll.article.ArticleController#findByid(int)
2023-03-19 17:06:40.726 DEBUG 19292 --- [http-nio-8083-exec-7] o.s.web.method.HandlerMethod             : Could not resolve parameter [0] in public com.example.pojo.Article com.example.controll.article.ArticleController.findByid(int): Failed to convert value of type 'java.lang.String' to required type 'int'; nested exception is java.lang.NumberFormatException: For input string: ""
2023-03-19 17:06:40.726  WARN 19292 --- [http-nio-8083-exec-7] .w.s.m.s.DefaultHandlerExceptionResolver : Resolved [org.springframework.web.method.annotation.MethodArgumentTypeMismatchException: Failed to convert value of type 'java.lang.String' to required type 'int'; nested exception is java.lang.NumberFormatException: For input string: ""]
2023-03-19 17:06:40.726 DEBUG 19292 --- [http-nio-8083-exec-7] o.s.web.servlet.DispatcherServlet        : Completed 400 BAD_REQUEST
2023-03-19 17:06:40.727 DEBUG 19292 --- [http-nio-8083-exec-7] o.s.web.servlet.DispatcherServlet        : "ERROR" dispatch for GET "/error?this.$data.id=undefined&id=1", parameters={masked}
2023-03-19 17:06:40.727 DEBUG 19292 --- [http-nio-8083-exec-7] s.w.s.m.m.a.RequestMappingHandlerMapping : Mapped to org.springframework.boot.autoconfigure.web.servlet.error.BasicErrorController#error(HttpServletRequest)
2023-03-19 17:06:40.728 DEBUG 19292 --- [http-nio-8083-exec-7] o.s.w.s.m.m.a.HttpEntityMethodProcessor  : Using 'application/json', given [*/*] and supported [application/json, application/*+json, application/json, application/*+json]
2023-03-19 17:06:40.729 DEBUG 19292 --- [http-nio-8083-exec-7] o.s.w.s.m.m.a.HttpEntityMethodProcessor  : Writing [{timestamp=Sun Mar 19 17:06:40 CST 2023, status=400, error=Bad Request, path=/article/click}]
2023-03-19 17:06:40.729 DEBUG 19292 --- [http-nio-8083-exec-7] o.s.web.servlet.DispatcherServlet        : Exiting from "ERROR" dispatch, status 400
2023-03-19 17:06:42.666 DEBUG 19292 --- [http-nio-8083-exec-8] o.s.web.servlet.DispatcherServlet        : GET "/article/click?this.$data.id=undefined&id=2", parameters={masked}
2023-03-19 17:06:42.667 DEBUG 19292 --- [http-nio-8083-exec-8] s.w.s.m.m.a.RequestMappingHandlerMapping : Mapped to com.example.controll.article.ArticleController#findByid(int)
2023-03-19 17:06:42.668 DEBUG 19292 --- [http-nio-8083-exec-8] o.s.web.method.HandlerMethod             : Could not resolve parameter [0] in public com.example.pojo.Article com.example.controll.article.ArticleController.findByid(int): Failed to convert value of type 'java.lang.String' to required type 'int'; nested exception is java.lang.NumberFormatException: For input string: ""
2023-03-19 17:06:42.668  WARN 19292 --- [http-nio-8083-exec-8] .w.s.m.s.DefaultHandlerExceptionResolver : Resolved [org.springframework.web.method.annotation.MethodArgumentTypeMismatchException: Failed to convert value of type 'java.lang.String' to required type 'int'; nested exception is java.lang.NumberFormatException: For input string: ""]
2023-03-19 17:06:42.669 DEBUG 19292 --- [http-nio-8083-exec-8] o.s.web.servlet.DispatcherServlet        : Completed 400 BAD_REQUEST
2023-03-19 17:06:42.669 DEBUG 19292 --- [http-nio-8083-exec-8] o.s.web.servlet.DispatcherServlet        : "ERROR" dispatch for GET "/error?this.$data.id=undefined&id=2", parameters={masked}
2023-03-19 17:06:42.670 DEBUG 19292 --- [http-nio-8083-exec-8] s.w.s.m.m.a.RequestMappingHandlerMapping : Mapped to org.springframework.boot.autoconfigure.web.servlet.error.BasicErrorController#error(HttpServletRequest)
2023-03-19 17:06:42.671 DEBUG 19292 --- [http-nio-8083-exec-8] o.s.w.s.m.m.a.HttpEntityMethodProcessor  : Using 'application/json', given [*/*] and supported [application/json, application/*+json, application/json, application/*+json]
2023-03-19 17:06:42.671 DEBUG 19292 --- [http-nio-8083-exec-8] o.s.w.s.m.m.a.HttpEntityMethodProcessor  : Writing [{timestamp=Sun Mar 19 17:06:42 CST 2023, status=400, error=Bad Request, path=/article/click}]
2023-03-19 17:06:42.673 DEBUG 19292 --- [http-nio-8083-exec-8] o.s.web.servlet.DispatcherServlet        : Exiting from "ERROR" dispatch, status 400
2023-03-19 17:06:46.809 DEBUG 19292 --- [http-nio-8083-exec-9] o.s.web.servlet.DispatcherServlet        : OPTIONS "/article/click?this.$data.id=undefined&id=3", parameters={masked}
2023-03-19 17:06:46.810 DEBUG 19292 --- [http-nio-8083-exec-9] s.w.s.m.m.a.RequestMappingHandlerMapping : Mapped to com.example.controll.article.ArticleController#findByid(int)
2023-03-19 17:06:46.810 DEBUG 19292 --- [http-nio-8083-exec-9] o.s.web.servlet.DispatcherServlet        : Completed 200 OK
2023-03-19 17:06:46.815 DEBUG 19292 --- [http-nio-8083-exec-10] o.s.web.servlet.DispatcherServlet        : GET "/article/click?this.$data.id=undefined&id=3", parameters={masked}
2023-03-19 17:06:46.815 DEBUG 19292 --- [http-nio-8083-exec-10] s.w.s.m.m.a.RequestMappingHandlerMapping : Mapped to com.example.controll.article.ArticleController#findByid(int)
2023-03-19 17:06:46.816 DEBUG 19292 --- [http-nio-8083-exec-10] o.s.web.method.HandlerMethod             : Could not resolve parameter [0] in public com.example.pojo.Article com.example.controll.article.ArticleController.findByid(int): Failed to convert value of type 'java.lang.String' to required type 'int'; nested exception is java.lang.NumberFormatException: For input string: ""
2023-03-19 17:06:46.816  WARN 19292 --- [http-nio-8083-exec-10] .w.s.m.s.DefaultHandlerExceptionResolver : Resolved [org.springframework.web.method.annotation.MethodArgumentTypeMismatchException: Failed to convert value of type 'java.lang.String' to required type 'int'; nested exception is java.lang.NumberFormatException: For input string: ""]
2023-03-19 17:06:46.816 DEBUG 19292 --- [http-nio-8083-exec-10] o.s.web.servlet.DispatcherServlet        : Completed 400 BAD_REQUEST
2023-03-19 17:06:46.816 DEBUG 19292 --- [http-nio-8083-exec-10] o.s.web.servlet.DispatcherServlet        : "ERROR" dispatch for GET "/error?this.$data.id=undefined&id=3", parameters={masked}
2023-03-19 17:06:46.816 DEBUG 19292 --- [http-nio-8083-exec-10] s.w.s.m.m.a.RequestMappingHandlerMapping : Mapped to org.springframework.boot.autoconfigure.web.servlet.error.BasicErrorController#error(HttpServletRequest)
2023-03-19 17:06:46.817 DEBUG 19292 --- [http-nio-8083-exec-10] o.s.w.s.m.m.a.HttpEntityMethodProcessor  : Using 'application/json', given [*/*] and supported [application/json, application/*+json, application/json, application/*+json]
2023-03-19 17:06:46.817 DEBUG 19292 --- [http-nio-8083-exec-10] o.s.w.s.m.m.a.HttpEntityMethodProcessor  : Writing [{timestamp=Sun Mar 19 17:06:46 CST 2023, status=400, error=Bad Request, path=/article/click}]
2023-03-19 17:06:46.817 DEBUG 19292 --- [http-nio-8083-exec-10] o.s.web.servlet.DispatcherServlet        : Exiting from "ERROR" dispatch, status 400
2023-03-19 17:06:50.319 DEBUG 19292 --- [http-nio-8083-exec-1] o.s.web.servlet.DispatcherServlet        : OPTIONS "/article/click?this.$data.id=undefined&id=4", parameters={masked}
2023-03-19 17:06:50.320 DEBUG 19292 --- [http-nio-8083-exec-1] s.w.s.m.m.a.RequestMappingHandlerMapping : Mapped to com.example.controll.article.ArticleController#findByid(int)
2023-03-19 17:06:50.320 DEBUG 19292 --- [http-nio-8083-exec-1] o.s.web.servlet.DispatcherServlet        : Completed 200 OK
2023-03-19 17:06:50.326 DEBUG 19292 --- [http-nio-8083-exec-2] o.s.web.servlet.DispatcherServlet        : GET "/article/click?this.$data.id=undefined&id=4", parameters={masked}
2023-03-19 17:06:50.326 DEBUG 19292 --- [http-nio-8083-exec-2] s.w.s.m.m.a.RequestMappingHandlerMapping : Mapped to com.example.controll.article.ArticleController#findByid(int)
2023-03-19 17:06:50.327 DEBUG 19292 --- [http-nio-8083-exec-2] o.s.web.method.HandlerMethod             : Could not resolve parameter [0] in public com.example.pojo.Article com.example.controll.article.ArticleController.findByid(int): Failed to convert value of type 'java.lang.String' to required type 'int'; nested exception is java.lang.NumberFormatException: For input string: ""
2023-03-19 17:06:50.327  WARN 19292 --- [http-nio-8083-exec-2] .w.s.m.s.DefaultHandlerExceptionResolver : Resolved [org.springframework.web.method.annotation.MethodArgumentTypeMismatchException: Failed to convert value of type 'java.lang.String' to required type 'int'; nested exception is java.lang.NumberFormatException: For input string: ""]
2023-03-19 17:06:50.327 DEBUG 19292 --- [http-nio-8083-exec-2] o.s.web.servlet.DispatcherServlet        : Completed 400 BAD_REQUEST
2023-03-19 17:06:50.328 DEBUG 19292 --- [http-nio-8083-exec-2] o.s.web.servlet.DispatcherServlet        : "ERROR" dispatch for GET "/error?this.$data.id=undefined&id=4", parameters={masked}
2023-03-19 17:06:50.328 DEBUG 19292 --- [http-nio-8083-exec-2] s.w.s.m.m.a.RequestMappingHandlerMapping : Mapped to org.springframework.boot.autoconfigure.web.servlet.error.BasicErrorController#error(HttpServletRequest)
2023-03-19 17:06:50.328 DEBUG 19292 --- [http-nio-8083-exec-2] o.s.w.s.m.m.a.HttpEntityMethodProcessor  : Using 'application/json', given [*/*] and supported [application/json, application/*+json, application/json, application/*+json]
2023-03-19 17:06:50.329 DEBUG 19292 --- [http-nio-8083-exec-2] o.s.w.s.m.m.a.HttpEntityMethodProcessor  : Writing [{timestamp=Sun Mar 19 17:06:50 CST 2023, status=400, error=Bad Request, path=/article/click}]
2023-03-19 17:06:50.330 DEBUG 19292 --- [http-nio-8083-exec-2] o.s.web.servlet.DispatcherServlet        : Exiting from "ERROR" dispatch, status 400
2023-03-19 19:18:11.874  INFO 24320 --- [main] com.example.MovieApplication             : Starting MovieApplication using Java 11.0.18 on LAPTOP-94NNL4U3 with PID 24320 (X:\毕设\Moive\target\classes started by 86182 in X:\毕设\Moive)
2023-03-19 19:18:11.879  INFO 24320 --- [main] com.example.MovieApplication             : No active profile set, falling back to 1 default profile: "default"
2023-03-19 19:18:13.200 DEBUG 24320 --- [main] o.m.s.mapper.ClassPathMapperScanner      : Identified candidate component class: file [X:\毕设\Moive\target\classes\com\example\mapper\article\ArticleMapper.class]
2023-03-19 19:18:13.200 DEBUG 24320 --- [main] o.m.s.mapper.ClassPathMapperScanner      : Identified candidate component class: file [X:\毕设\Moive\target\classes\com\example\mapper\index\HotmoviceMapper.class]
2023-03-19 19:18:13.201 DEBUG 24320 --- [main] o.m.s.mapper.ClassPathMapperScanner      : Identified candidate component class: file [X:\毕设\Moive\target\classes\com\example\mapper\index\SwipperMapper.class]
2023-03-19 19:18:13.201 DEBUG 24320 --- [main] o.m.s.mapper.ClassPathMapperScanner      : Identified candidate component class: file [X:\毕设\Moive\target\classes\com\example\mapper\my\UserMapper.class]
2023-03-19 19:18:13.201 DEBUG 24320 --- [main] o.m.s.mapper.ClassPathMapperScanner      : Identified candidate component class: file [X:\毕设\Moive\target\classes\com\example\mapper\recommend\RecommendMapper.class]
2023-03-19 19:18:13.201 DEBUG 24320 --- [main] o.m.s.mapper.ClassPathMapperScanner      : Creating MapperFactoryBean with name 'articleMapper' and 'com.example.mapper.article.ArticleMapper' mapperInterface
2023-03-19 19:18:13.203 DEBUG 24320 --- [main] o.m.s.mapper.ClassPathMapperScanner      : Enabling autowire by type for MapperFactoryBean with name 'articleMapper'.
2023-03-19 19:18:13.203 DEBUG 24320 --- [main] o.m.s.mapper.ClassPathMapperScanner      : Creating MapperFactoryBean with name 'hotmoviceMapper' and 'com.example.mapper.index.HotmoviceMapper' mapperInterface
2023-03-19 19:18:13.203 DEBUG 24320 --- [main] o.m.s.mapper.ClassPathMapperScanner      : Enabling autowire by type for MapperFactoryBean with name 'hotmoviceMapper'.
2023-03-19 19:18:13.203 DEBUG 24320 --- [main] o.m.s.mapper.ClassPathMapperScanner      : Creating MapperFactoryBean with name 'swipperMapper' and 'com.example.mapper.index.SwipperMapper' mapperInterface
2023-03-19 19:18:13.203 DEBUG 24320 --- [main] o.m.s.mapper.ClassPathMapperScanner      : Enabling autowire by type for MapperFactoryBean with name 'swipperMapper'.
2023-03-19 19:18:13.203 DEBUG 24320 --- [main] o.m.s.mapper.ClassPathMapperScanner      : Creating MapperFactoryBean with name 'userMapper' and 'com.example.mapper.my.UserMapper' mapperInterface
2023-03-19 19:18:13.203 DEBUG 24320 --- [main] o.m.s.mapper.ClassPathMapperScanner      : Enabling autowire by type for MapperFactoryBean with name 'userMapper'.
2023-03-19 19:18:13.204 DEBUG 24320 --- [main] o.m.s.mapper.ClassPathMapperScanner      : Creating MapperFactoryBean with name 'recommendMapper' and 'com.example.mapper.recommend.RecommendMapper' mapperInterface
2023-03-19 19:18:13.204 DEBUG 24320 --- [main] o.m.s.mapper.ClassPathMapperScanner      : Enabling autowire by type for MapperFactoryBean with name 'recommendMapper'.
2023-03-19 19:18:13.689  INFO 24320 --- [main] o.s.b.w.embedded.tomcat.TomcatWebServer  : Tomcat initialized with port(s): 8083 (http)
2023-03-19 19:18:13.691  INFO 24320 --- [main] o.a.catalina.core.AprLifecycleListener   : Loaded Apache Tomcat Native library [1.2.35] using APR version [1.7.0].
2023-03-19 19:18:13.691  INFO 24320 --- [main] o.a.catalina.core.AprLifecycleListener   : APR capabilities: IPv6 [true], sendfile [true], accept filters [false], random [true], UDS [true].
2023-03-19 19:18:13.691  INFO 24320 --- [main] o.a.catalina.core.AprLifecycleListener   : APR/OpenSSL configuration: useAprConnector [false], useOpenSSL [true]
2023-03-19 19:18:13.709  INFO 24320 --- [main] o.a.catalina.core.AprLifecycleListener   : OpenSSL successfully initialized [OpenSSL 1.1.1q  5 Jul 2022]
2023-03-19 19:18:13.719  INFO 24320 --- [main] o.apache.catalina.core.StandardService   : Starting service [Tomcat]
2023-03-19 19:18:13.719  INFO 24320 --- [main] org.apache.catalina.core.StandardEngine  : Starting Servlet engine: [Apache Tomcat/9.0.71]
2023-03-19 19:18:13.912  INFO 24320 --- [main] o.a.c.c.C.[Tomcat].[localhost].[/]       : Initializing Spring embedded WebApplicationContext
2023-03-19 19:18:13.912  INFO 24320 --- [main] w.s.c.ServletWebServerApplicationContext : Root WebApplicationContext: initialization completed in 1968 ms
2023-03-19 19:18:16.336 DEBUG 24320 --- [main] s.w.s.m.m.a.RequestMappingHandlerMapping : 13 mappings in 'requestMappingHandlerMapping'
2023-03-19 19:18:16.537 DEBUG 24320 --- [main] s.w.s.m.m.a.RequestMappingHandlerAdapter : ControllerAdvice beans: 0 @ModelAttribute, 0 @InitBinder, 1 RequestBodyAdvice, 1 ResponseBodyAdvice
2023-03-19 19:18:16.571 DEBUG 24320 --- [main] o.s.w.s.handler.SimpleUrlHandlerMapping  : Patterns [/swagger-ui/] in 'viewControllerHandlerMapping'
2023-03-19 19:18:16.590 DEBUG 24320 --- [main] o.s.w.s.handler.SimpleUrlHandlerMapping  : Patterns [/webjars/**, /**, /swagger-ui/**] in 'resourceHandlerMapping'
2023-03-19 19:18:16.597 DEBUG 24320 --- [main] .m.m.a.ExceptionHandlerExceptionResolver : ControllerAdvice beans: 0 @ExceptionHandler, 1 ResponseBodyAdvice
2023-03-19 19:18:16.749  INFO 24320 --- [main] o.s.b.w.embedded.tomcat.TomcatWebServer  : Tomcat started on port(s): 8083 (http) with context path ''
2023-03-19 19:18:16.987  INFO 24320 --- [main] com.example.MovieApplication             : Started MovieApplication in 5.919 seconds (JVM running for 8.284)
2023-03-19 19:18:43.043  INFO 24320 --- [http-nio-8083-exec-1] o.a.c.c.C.[Tomcat].[localhost].[/]       : Initializing Spring DispatcherServlet 'dispatcherServlet'
2023-03-19 19:18:43.044  INFO 24320 --- [http-nio-8083-exec-1] o.s.web.servlet.DispatcherServlet        : Initializing Servlet 'dispatcherServlet'
2023-03-19 19:18:43.044 DEBUG 24320 --- [http-nio-8083-exec-1] o.s.web.servlet.DispatcherServlet        : Detected StandardServletMultipartResolver
2023-03-19 19:18:43.044 DEBUG 24320 --- [http-nio-8083-exec-1] o.s.web.servlet.DispatcherServlet        : Detected AcceptHeaderLocaleResolver
2023-03-19 19:18:43.045 DEBUG 24320 --- [http-nio-8083-exec-1] o.s.web.servlet.DispatcherServlet        : Detected FixedThemeResolver
2023-03-19 19:18:43.046 DEBUG 24320 --- [http-nio-8083-exec-1] o.s.web.servlet.DispatcherServlet        : Detected org.springframework.web.servlet.view.DefaultRequestToViewNameTranslator@780691f9
2023-03-19 19:18:43.047 DEBUG 24320 --- [http-nio-8083-exec-1] o.s.web.servlet.DispatcherServlet        : Detected org.springframework.web.servlet.support.SessionFlashMapManager@41b3f8c9
2023-03-19 19:18:43.047 DEBUG 24320 --- [http-nio-8083-exec-1] o.s.web.servlet.DispatcherServlet        : enableLoggingRequestDetails='false': request parameters and headers will be masked to prevent unsafe logging of potentially sensitive data
2023-03-19 19:18:43.048  INFO 24320 --- [http-nio-8083-exec-1] o.s.web.servlet.DispatcherServlet        : Completed initialization in 4 ms
2023-03-19 19:18:43.059 DEBUG 24320 --- [http-nio-8083-exec-2] o.s.web.servlet.DispatcherServlet        : GET "//index/gethotmovie?text=uni.request", parameters={masked}
2023-03-19 19:18:43.059 DEBUG 24320 --- [http-nio-8083-exec-1] o.s.web.servlet.DispatcherServlet        : GET "//index/getswipper?text=uni.request", parameters={masked}
2023-03-19 19:18:43.064 DEBUG 24320 --- [http-nio-8083-exec-1] s.w.s.m.m.a.RequestMappingHandlerMapping : Mapped to com.example.controll.idex.IndexController#getSwipper()
2023-03-19 19:18:43.064 DEBUG 24320 --- [http-nio-8083-exec-2] s.w.s.m.m.a.RequestMappingHandlerMapping : Mapped to com.example.controll.idex.IndexController#seletAll()
2023-03-19 19:18:43.132  INFO 24320 --- [http-nio-8083-exec-1] com.zaxxer.hikari.HikariDataSource       : HikariPool-1 - Starting...
2023-03-19 19:18:43.601  INFO 24320 --- [http-nio-8083-exec-1] com.zaxxer.hikari.HikariDataSource       : HikariPool-1 - Start completed.
2023-03-19 19:18:43.700 DEBUG 24320 --- [http-nio-8083-exec-2] m.m.a.RequestResponseBodyMethodProcessor : Using 'text/plain', given [*/*] and supported [text/plain, */*, text/plain, */*, application/json, application/*+json, application/json, application/*+json]
2023-03-19 19:18:43.700 DEBUG 24320 --- [http-nio-8083-exec-1] m.m.a.RequestResponseBodyMethodProcessor : Using 'text/plain', given [*/*] and supported [text/plain, */*, text/plain, */*, application/json, application/*+json, application/json, application/*+json]
2023-03-19 19:18:43.700 DEBUG 24320 --- [http-nio-8083-exec-2] m.m.a.RequestResponseBodyMethodProcessor : Writing ["[{"murl":"https://img2.baidu.com/it/u\u003d2682465669,2578216599\u0026fm\u003d253\u0026fmt\u003dauto (truncated)..."]
2023-03-19 19:18:43.700 DEBUG 24320 --- [http-nio-8083-exec-1] m.m.a.RequestResponseBodyMethodProcessor : Writing ["[{"simg":"https://inews.gtimg.com/newsapp_bt/0/14268484963/1000","sname":"蜘蛛侠","surl":"蜘蛛侠","said":1 (truncated)..."]
2023-03-19 19:18:43.710 DEBUG 24320 --- [http-nio-8083-exec-2] o.s.web.servlet.DispatcherServlet        : Completed 200 OK
2023-03-19 19:18:43.710 DEBUG 24320 --- [http-nio-8083-exec-1] o.s.web.servlet.DispatcherServlet        : Completed 200 OK
2023-03-19 19:18:47.436 DEBUG 24320 --- [http-nio-8083-exec-3] o.s.web.servlet.DispatcherServlet        : OPTIONS "/article/click?2=undefined&id=2", parameters={masked}
2023-03-19 19:18:47.438 DEBUG 24320 --- [http-nio-8083-exec-3] s.w.s.m.m.a.RequestMappingHandlerMapping : Mapped to com.example.controll.article.ArticleController#findByid(int)
2023-03-19 19:18:47.439 DEBUG 24320 --- [http-nio-8083-exec-3] o.s.web.servlet.DispatcherServlet        : Completed 200 OK
2023-03-19 19:18:47.446 DEBUG 24320 --- [http-nio-8083-exec-4] o.s.web.servlet.DispatcherServlet        : GET "/article/click?2=undefined&id=2", parameters={masked}
2023-03-19 19:18:47.447 DEBUG 24320 --- [http-nio-8083-exec-4] s.w.s.m.m.a.RequestMappingHandlerMapping : Mapped to com.example.controll.article.ArticleController#findByid(int)
2023-03-19 19:18:47.460 DEBUG 24320 --- [http-nio-8083-exec-4] o.s.web.method.HandlerMethod             : Could not resolve parameter [0] in public com.example.pojo.Article com.example.controll.article.ArticleController.findByid(int): Failed to convert value of type 'java.lang.String' to required type 'int'; nested exception is java.lang.NumberFormatException: For input string: ""
2023-03-19 19:18:47.465  WARN 24320 --- [http-nio-8083-exec-4] .w.s.m.s.DefaultHandlerExceptionResolver : Resolved [org.springframework.web.method.annotation.MethodArgumentTypeMismatchException: Failed to convert value of type 'java.lang.String' to required type 'int'; nested exception is java.lang.NumberFormatException: For input string: ""]
2023-03-19 19:18:47.466 DEBUG 24320 --- [http-nio-8083-exec-4] o.s.web.servlet.DispatcherServlet        : Completed 400 BAD_REQUEST
2023-03-19 19:18:47.469 DEBUG 24320 --- [http-nio-8083-exec-4] o.s.web.servlet.DispatcherServlet        : "ERROR" dispatch for GET "/error?2=undefined&id=2", parameters={masked}
2023-03-19 19:18:47.471 DEBUG 24320 --- [http-nio-8083-exec-4] s.w.s.m.m.a.RequestMappingHandlerMapping : Mapped to org.springframework.boot.autoconfigure.web.servlet.error.BasicErrorController#error(HttpServletRequest)
2023-03-19 19:18:47.480 DEBUG 24320 --- [http-nio-8083-exec-4] o.s.w.s.m.m.a.HttpEntityMethodProcessor  : Using 'application/json', given [*/*] and supported [application/json, application/*+json, application/json, application/*+json]
2023-03-19 19:18:47.480 DEBUG 24320 --- [http-nio-8083-exec-4] o.s.w.s.m.m.a.HttpEntityMethodProcessor  : Writing [{timestamp=Sun Mar 19 19:18:47 CST 2023, status=400, error=Bad Request, path=/article/click}]
2023-03-19 19:18:47.493 DEBUG 24320 --- [http-nio-8083-exec-4] o.s.web.servlet.DispatcherServlet        : Exiting from "ERROR" dispatch, status 400
2023-03-19 19:19:51.875 DEBUG 24320 --- [http-nio-8083-exec-6] o.s.web.servlet.DispatcherServlet        : GET "/article/click?2=undefined&id=2", parameters={masked}
2023-03-19 19:19:51.876 DEBUG 24320 --- [http-nio-8083-exec-6] s.w.s.m.m.a.RequestMappingHandlerMapping : Mapped to com.example.controll.article.ArticleController#findByid(int)
2023-03-19 19:19:51.877 DEBUG 24320 --- [http-nio-8083-exec-6] o.s.web.method.HandlerMethod             : Could not resolve parameter [0] in public com.example.pojo.Article com.example.controll.article.ArticleController.findByid(int): Failed to convert value of type 'java.lang.String' to required type 'int'; nested exception is java.lang.NumberFormatException: For input string: ""
2023-03-19 19:19:51.878  WARN 24320 --- [http-nio-8083-exec-6] .w.s.m.s.DefaultHandlerExceptionResolver : Resolved [org.springframework.web.method.annotation.MethodArgumentTypeMismatchException: Failed to convert value of type 'java.lang.String' to required type 'int'; nested exception is java.lang.NumberFormatException: For input string: ""]
2023-03-19 19:19:51.879 DEBUG 24320 --- [http-nio-8083-exec-6] o.s.web.servlet.DispatcherServlet        : Completed 400 BAD_REQUEST
2023-03-19 19:19:51.880 DEBUG 24320 --- [http-nio-8083-exec-6] o.s.web.servlet.DispatcherServlet        : "ERROR" dispatch for GET "/error?2=undefined&id=2", parameters={masked}
2023-03-19 19:19:51.881 DEBUG 24320 --- [http-nio-8083-exec-6] s.w.s.m.m.a.RequestMappingHandlerMapping : Mapped to org.springframework.boot.autoconfigure.web.servlet.error.BasicErrorController#error(HttpServletRequest)
2023-03-19 19:19:51.882 DEBUG 24320 --- [http-nio-8083-exec-6] o.s.w.s.m.m.a.HttpEntityMethodProcessor  : Using 'application/json', given [*/*] and supported [application/json, application/*+json, application/json, application/*+json]
2023-03-19 19:19:51.883 DEBUG 24320 --- [http-nio-8083-exec-6] o.s.w.s.m.m.a.HttpEntityMethodProcessor  : Writing [{timestamp=Sun Mar 19 19:19:51 CST 2023, status=400, error=Bad Request, path=/article/click}]
2023-03-19 19:19:51.884 DEBUG 24320 --- [http-nio-8083-exec-6] o.s.web.servlet.DispatcherServlet        : Exiting from "ERROR" dispatch, status 400
2023-03-19 19:20:09.451 DEBUG 24320 --- [http-nio-8083-exec-7] o.s.web.servlet.DispatcherServlet        : GET "/article/click?undefined=undefined&id=2", parameters={masked}
2023-03-19 19:20:09.453 DEBUG 24320 --- [http-nio-8083-exec-7] s.w.s.m.m.a.RequestMappingHandlerMapping : Mapped to com.example.controll.article.ArticleController#findByid(int)
2023-03-19 19:20:09.455 DEBUG 24320 --- [http-nio-8083-exec-7] o.s.web.method.HandlerMethod             : Could not resolve parameter [0] in public com.example.pojo.Article com.example.controll.article.ArticleController.findByid(int): Failed to convert value of type 'java.lang.String' to required type 'int'; nested exception is java.lang.NumberFormatException: For input string: ""
2023-03-19 19:20:09.456  WARN 24320 --- [http-nio-8083-exec-7] .w.s.m.s.DefaultHandlerExceptionResolver : Resolved [org.springframework.web.method.annotation.MethodArgumentTypeMismatchException: Failed to convert value of type 'java.lang.String' to required type 'int'; nested exception is java.lang.NumberFormatException: For input string: ""]
2023-03-19 19:20:09.456 DEBUG 24320 --- [http-nio-8083-exec-7] o.s.web.servlet.DispatcherServlet        : Completed 400 BAD_REQUEST
2023-03-19 19:20:09.457 DEBUG 24320 --- [http-nio-8083-exec-7] o.s.web.servlet.DispatcherServlet        : "ERROR" dispatch for GET "/error?undefined=undefined&id=2", parameters={masked}
2023-03-19 19:20:09.460 DEBUG 24320 --- [http-nio-8083-exec-7] s.w.s.m.m.a.RequestMappingHandlerMapping : Mapped to org.springframework.boot.autoconfigure.web.servlet.error.BasicErrorController#error(HttpServletRequest)
2023-03-19 19:20:09.462 DEBUG 24320 --- [http-nio-8083-exec-7] o.s.w.s.m.m.a.HttpEntityMethodProcessor  : Using 'application/json', given [*/*] and supported [application/json, application/*+json, application/json, application/*+json]
2023-03-19 19:20:09.462 DEBUG 24320 --- [http-nio-8083-exec-7] o.s.w.s.m.m.a.HttpEntityMethodProcessor  : Writing [{timestamp=Sun Mar 19 19:20:09 CST 2023, status=400, error=Bad Request, path=/article/click}]
2023-03-19 19:20:09.463 DEBUG 24320 --- [http-nio-8083-exec-7] o.s.web.servlet.DispatcherServlet        : Exiting from "ERROR" dispatch, status 400
2023-03-19 19:20:14.076 DEBUG 24320 --- [http-nio-8083-exec-8] o.s.web.servlet.DispatcherServlet        : GET "//index/getswipper?text=uni.request", parameters={masked}
2023-03-19 19:20:14.077 DEBUG 24320 --- [http-nio-8083-exec-8] s.w.s.m.m.a.RequestMappingHandlerMapping : Mapped to com.example.controll.idex.IndexController#getSwipper()
2023-03-19 19:20:14.080 DEBUG 24320 --- [http-nio-8083-exec-9] o.s.web.servlet.DispatcherServlet        : GET "//index/gethotmovie?text=uni.request", parameters={masked}
2023-03-19 19:20:14.080 DEBUG 24320 --- [http-nio-8083-exec-9] s.w.s.m.m.a.RequestMappingHandlerMapping : Mapped to com.example.controll.idex.IndexController#seletAll()
2023-03-19 19:20:14.087 DEBUG 24320 --- [http-nio-8083-exec-8] m.m.a.RequestResponseBodyMethodProcessor : Using 'text/plain', given [*/*] and supported [text/plain, */*, text/plain, */*, application/json, application/*+json, application/json, application/*+json]
2023-03-19 19:20:14.088 DEBUG 24320 --- [http-nio-8083-exec-8] m.m.a.RequestResponseBodyMethodProcessor : Writing ["[{"simg":"https://inews.gtimg.com/newsapp_bt/0/14268484963/1000","sname":"蜘蛛侠","surl":"蜘蛛侠","said":1 (truncated)..."]
2023-03-19 19:20:14.090 DEBUG 24320 --- [http-nio-8083-exec-8] o.s.web.servlet.DispatcherServlet        : Completed 200 OK
2023-03-19 19:20:14.092 DEBUG 24320 --- [http-nio-8083-exec-9] m.m.a.RequestResponseBodyMethodProcessor : Using 'text/plain', given [*/*] and supported [text/plain, */*, text/plain, */*, application/json, application/*+json, application/json, application/*+json]
2023-03-19 19:20:14.093 DEBUG 24320 --- [http-nio-8083-exec-9] m.m.a.RequestResponseBodyMethodProcessor : Writing ["[{"murl":"https://img2.baidu.com/it/u\u003d2682465669,2578216599\u0026fm\u003d253\u0026fmt\u003dauto (truncated)..."]
2023-03-19 19:20:14.094 DEBUG 24320 --- [http-nio-8083-exec-9] o.s.web.servlet.DispatcherServlet        : Completed 200 OK
2023-03-19 19:20:19.819 DEBUG 24320 --- [http-nio-8083-exec-1] o.s.web.servlet.DispatcherServlet        : GET "/article/click?undefined=undefined&id=2", parameters={masked}
2023-03-19 19:20:19.820 DEBUG 24320 --- [http-nio-8083-exec-1] s.w.s.m.m.a.RequestMappingHandlerMapping : Mapped to com.example.controll.article.ArticleController#findByid(int)
2023-03-19 19:20:19.822 DEBUG 24320 --- [http-nio-8083-exec-1] o.s.web.method.HandlerMethod             : Could not resolve parameter [0] in public com.example.pojo.Article com.example.controll.article.ArticleController.findByid(int): Failed to convert value of type 'java.lang.String' to required type 'int'; nested exception is java.lang.NumberFormatException: For input string: ""
2023-03-19 19:20:19.823  WARN 24320 --- [http-nio-8083-exec-1] .w.s.m.s.DefaultHandlerExceptionResolver : Resolved [org.springframework.web.method.annotation.MethodArgumentTypeMismatchException: Failed to convert value of type 'java.lang.String' to required type 'int'; nested exception is java.lang.NumberFormatException: For input string: ""]
2023-03-19 19:20:19.823 DEBUG 24320 --- [http-nio-8083-exec-1] o.s.web.servlet.DispatcherServlet        : Completed 400 BAD_REQUEST
2023-03-19 19:20:19.824 DEBUG 24320 --- [http-nio-8083-exec-1] o.s.web.servlet.DispatcherServlet        : "ERROR" dispatch for GET "/error?undefined=undefined&id=2", parameters={masked}
2023-03-19 19:20:19.825 DEBUG 24320 --- [http-nio-8083-exec-1] s.w.s.m.m.a.RequestMappingHandlerMapping : Mapped to org.springframework.boot.autoconfigure.web.servlet.error.BasicErrorController#error(HttpServletRequest)
2023-03-19 19:20:19.826 DEBUG 24320 --- [http-nio-8083-exec-1] o.s.w.s.m.m.a.HttpEntityMethodProcessor  : Using 'application/json', given [*/*] and supported [application/json, application/*+json, application/json, application/*+json]
2023-03-19 19:20:19.827 DEBUG 24320 --- [http-nio-8083-exec-1] o.s.w.s.m.m.a.HttpEntityMethodProcessor  : Writing [{timestamp=Sun Mar 19 19:20:19 CST 2023, status=400, error=Bad Request, path=/article/click}]
2023-03-19 19:20:19.828 DEBUG 24320 --- [http-nio-8083-exec-1] o.s.web.servlet.DispatcherServlet        : Exiting from "ERROR" dispatch, status 400
2023-03-19 19:43:39.049 DEBUG 24320 --- [http-nio-8083-exec-3] o.s.web.servlet.DispatcherServlet        : GET "/article/click?undefined=undefined&id=2", parameters={masked}
2023-03-19 19:43:39.059 DEBUG 24320 --- [http-nio-8083-exec-3] s.w.s.m.m.a.RequestMappingHandlerMapping : Mapped to com.example.controll.article.ArticleController#findByid(int)
2023-03-19 19:43:39.065 DEBUG 24320 --- [http-nio-8083-exec-3] o.s.web.method.HandlerMethod             : Could not resolve parameter [0] in public com.example.pojo.Article com.example.controll.article.ArticleController.findByid(int): Failed to convert value of type 'java.lang.String' to required type 'int'; nested exception is java.lang.NumberFormatException: For input string: ""
2023-03-19 19:43:39.066  WARN 24320 --- [http-nio-8083-exec-3] .w.s.m.s.DefaultHandlerExceptionResolver : Resolved [org.springframework.web.method.annotation.MethodArgumentTypeMismatchException: Failed to convert value of type 'java.lang.String' to required type 'int'; nested exception is java.lang.NumberFormatException: For input string: ""]
2023-03-19 19:43:39.066 DEBUG 24320 --- [http-nio-8083-exec-3] o.s.web.servlet.DispatcherServlet        : Completed 400 BAD_REQUEST
2023-03-19 19:43:39.067 DEBUG 24320 --- [http-nio-8083-exec-3] o.s.web.servlet.DispatcherServlet        : "ERROR" dispatch for GET "/error?undefined=undefined&id=2", parameters={masked}
2023-03-19 19:43:39.069 DEBUG 24320 --- [http-nio-8083-exec-3] s.w.s.m.m.a.RequestMappingHandlerMapping : Mapped to org.springframework.boot.autoconfigure.web.servlet.error.BasicErrorController#error(HttpServletRequest)
2023-03-19 19:43:39.071 DEBUG 24320 --- [http-nio-8083-exec-3] o.s.w.s.m.m.a.HttpEntityMethodProcessor  : Using 'application/json', given [*/*] and supported [application/json, application/*+json, application/json, application/*+json]
2023-03-19 19:43:39.072 DEBUG 24320 --- [http-nio-8083-exec-3] o.s.w.s.m.m.a.HttpEntityMethodProcessor  : Writing [{timestamp=Sun Mar 19 19:43:39 CST 2023, status=400, error=Bad Request, path=/article/click}]
2023-03-19 19:43:39.076 DEBUG 24320 --- [http-nio-8083-exec-3] o.s.web.servlet.DispatcherServlet        : Exiting from "ERROR" dispatch, status 400
2023-03-19 19:43:48.129 DEBUG 24320 --- [http-nio-8083-exec-4] o.s.web.servlet.DispatcherServlet        : GET "//index/getswipper?text=uni.request", parameters={masked}
2023-03-19 19:43:48.131 DEBUG 24320 --- [http-nio-8083-exec-4] s.w.s.m.m.a.RequestMappingHandlerMapping : Mapped to com.example.controll.idex.IndexController#getSwipper()
2023-03-19 19:43:48.132 DEBUG 24320 --- [http-nio-8083-exec-5] o.s.web.servlet.DispatcherServlet        : GET "//index/gethotmovie?text=uni.request", parameters={masked}
2023-03-19 19:43:48.132 DEBUG 24320 --- [http-nio-8083-exec-5] s.w.s.m.m.a.RequestMappingHandlerMapping : Mapped to com.example.controll.idex.IndexController#seletAll()
2023-03-19 19:43:48.272 DEBUG 24320 --- [http-nio-8083-exec-4] m.m.a.RequestResponseBodyMethodProcessor : Using 'text/plain', given [*/*] and supported [text/plain, */*, text/plain, */*, application/json, application/*+json, application/json, application/*+json]
2023-03-19 19:43:48.273 DEBUG 24320 --- [http-nio-8083-exec-4] m.m.a.RequestResponseBodyMethodProcessor : Writing ["[{"simg":"https://inews.gtimg.com/newsapp_bt/0/14268484963/1000","sname":"蜘蛛侠","surl":"蜘蛛侠","said":1 (truncated)..."]
2023-03-19 19:43:48.272 DEBUG 24320 --- [http-nio-8083-exec-5] m.m.a.RequestResponseBodyMethodProcessor : Using 'text/plain', given [*/*] and supported [text/plain, */*, text/plain, */*, application/json, application/*+json, application/json, application/*+json]
2023-03-19 19:43:48.274 DEBUG 24320 --- [http-nio-8083-exec-5] m.m.a.RequestResponseBodyMethodProcessor : Writing ["[{"murl":"https://img2.baidu.com/it/u\u003d2682465669,2578216599\u0026fm\u003d253\u0026fmt\u003dauto (truncated)..."]
2023-03-19 19:43:48.277 DEBUG 24320 --- [http-nio-8083-exec-5] o.s.web.servlet.DispatcherServlet        : Completed 200 OK
2023-03-19 19:43:48.277 DEBUG 24320 --- [http-nio-8083-exec-4] o.s.web.servlet.DispatcherServlet        : Completed 200 OK
2023-03-19 19:43:53.090 DEBUG 24320 --- [http-nio-8083-exec-8] o.s.web.servlet.DispatcherServlet        : GET "/article/click?undefined=undefined&id=2", parameters={masked}
2023-03-19 19:43:53.091 DEBUG 24320 --- [http-nio-8083-exec-8] s.w.s.m.m.a.RequestMappingHandlerMapping : Mapped to com.example.controll.article.ArticleController#findByid(int)
2023-03-19 19:43:53.092 DEBUG 24320 --- [http-nio-8083-exec-8] o.s.web.method.HandlerMethod             : Could not resolve parameter [0] in public com.example.pojo.Article com.example.controll.article.ArticleController.findByid(int): Failed to convert value of type 'java.lang.String' to required type 'int'; nested exception is java.lang.NumberFormatException: For input string: ""
2023-03-19 19:43:53.092  WARN 24320 --- [http-nio-8083-exec-8] .w.s.m.s.DefaultHandlerExceptionResolver : Resolved [org.springframework.web.method.annotation.MethodArgumentTypeMismatchException: Failed to convert value of type 'java.lang.String' to required type 'int'; nested exception is java.lang.NumberFormatException: For input string: ""]
2023-03-19 19:43:53.092 DEBUG 24320 --- [http-nio-8083-exec-8] o.s.web.servlet.DispatcherServlet        : Completed 400 BAD_REQUEST
2023-03-19 19:43:53.094 DEBUG 24320 --- [http-nio-8083-exec-8] o.s.web.servlet.DispatcherServlet        : "ERROR" dispatch for GET "/error?undefined=undefined&id=2", parameters={masked}
2023-03-19 19:43:53.094 DEBUG 24320 --- [http-nio-8083-exec-8] s.w.s.m.m.a.RequestMappingHandlerMapping : Mapped to org.springframework.boot.autoconfigure.web.servlet.error.BasicErrorController#error(HttpServletRequest)
2023-03-19 19:43:53.095 DEBUG 24320 --- [http-nio-8083-exec-8] o.s.w.s.m.m.a.HttpEntityMethodProcessor  : Using 'application/json', given [*/*] and supported [application/json, application/*+json, application/json, application/*+json]
2023-03-19 19:43:53.095 DEBUG 24320 --- [http-nio-8083-exec-8] o.s.w.s.m.m.a.HttpEntityMethodProcessor  : Writing [{timestamp=Sun Mar 19 19:43:53 CST 2023, status=400, error=Bad Request, path=/article/click}]
2023-03-19 19:43:53.096 DEBUG 24320 --- [http-nio-8083-exec-8] o.s.web.servlet.DispatcherServlet        : Exiting from "ERROR" dispatch, status 400
2023-03-19 19:44:51.330 DEBUG 24320 --- [http-nio-8083-exec-2] o.s.web.servlet.DispatcherServlet        : GET "/swagger-resources", parameters={}
2023-03-19 19:44:51.330 DEBUG 24320 --- [http-nio-8083-exec-9] o.s.web.servlet.DispatcherServlet        : GET "/favicon.ico", parameters={}
2023-03-19 19:44:51.333 DEBUG 24320 --- [http-nio-8083-exec-2] s.w.s.m.m.a.RequestMappingHandlerMapping : Mapped to springfox.documentation.swagger.web.ApiResourceController#swaggerResources()
2023-03-19 19:44:51.358 DEBUG 24320 --- [http-nio-8083-exec-2] o.s.w.s.m.m.a.HttpEntityMethodProcessor  : Using 'application/json', given [application/json, text/plain, */*] and supported [application/json]
2023-03-19 19:44:51.363 DEBUG 24320 --- [http-nio-8083-exec-9] o.s.w.s.handler.SimpleUrlHandlerMapping  : Mapped to ResourceHttpRequestHandler [classpath [META-INF/resources/], classpath [resources/], classpath [static/], classpath [public/], ServletContext [/]]
2023-03-19 19:44:51.376 DEBUG 24320 --- [http-nio-8083-exec-2] o.s.w.s.m.m.a.HttpEntityMethodProcessor  : Writing [[springfox.documentation.swagger.web.SwaggerResource@6e52d602]]
2023-03-19 19:44:51.387 DEBUG 24320 --- [http-nio-8083-exec-9] o.s.w.s.r.ResourceHttpRequestHandler     : Resource not found
2023-03-19 19:44:51.387 DEBUG 24320 --- [http-nio-8083-exec-9] o.s.web.servlet.DispatcherServlet        : Completed 404 NOT_FOUND
2023-03-19 19:44:51.388 DEBUG 24320 --- [http-nio-8083-exec-9] o.s.web.servlet.DispatcherServlet        : "ERROR" dispatch for GET "/error", parameters={}
2023-03-19 19:44:51.389 DEBUG 24320 --- [http-nio-8083-exec-9] s.w.s.m.m.a.RequestMappingHandlerMapping : Mapped to org.springframework.boot.autoconfigure.web.servlet.error.BasicErrorController#error(HttpServletRequest)
2023-03-19 19:44:51.390 DEBUG 24320 --- [http-nio-8083-exec-9] o.s.w.s.m.m.a.HttpEntityMethodProcessor  : Using 'application/json;q=0.8', given [image/webp, image/apng, image/svg+xml, image/*, */*;q=0.8] and supported [application/json, application/*+json, application/json, application/*+json]
2023-03-19 19:44:51.391 DEBUG 24320 --- [http-nio-8083-exec-9] o.s.w.s.m.m.a.HttpEntityMethodProcessor  : Writing [{timestamp=Sun Mar 19 19:44:51 CST 2023, status=404, error=Not Found, path=/favicon.ico}]
2023-03-19 19:44:51.420 DEBUG 24320 --- [http-nio-8083-exec-9] o.s.web.servlet.DispatcherServlet        : Exiting from "ERROR" dispatch, status 404
2023-03-19 19:44:51.433 DEBUG 24320 --- [http-nio-8083-exec-2] o.s.web.servlet.DispatcherServlet        : Completed 200 OK
2023-03-19 19:44:51.439 DEBUG 24320 --- [http-nio-8083-exec-10] o.s.web.servlet.DispatcherServlet        : GET "/v3/api-docs?group=all", parameters={masked}
2023-03-19 19:44:51.441 DEBUG 24320 --- [http-nio-8083-exec-10] s.w.s.m.m.a.RequestMappingHandlerMapping : Mapped to springfox.documentation.oas.web.OpenApiControllerWebMvc#getDocumentation(String, HttpServletRequest)
2023-03-19 19:44:51.614 DEBUG 24320 --- [http-nio-8083-exec-10] o.s.w.s.m.m.a.HttpEntityMethodProcessor  : Using 'application/json', given [application/json, text/plain, */*] and supported [application/json, application/hal+json]
2023-03-19 19:44:51.619 DEBUG 24320 --- [http-nio-8083-exec-10] o.s.w.s.m.m.a.HttpEntityMethodProcessor  : Writing [springfox.documentation.spring.web.json.Json@29e04eb1]
2023-03-19 19:44:51.620 DEBUG 24320 --- [http-nio-8083-exec-10] o.s.web.servlet.DispatcherServlet        : Completed 200 OK
2023-03-19 19:44:57.461 DEBUG 24320 --- [http-nio-8083-exec-1] o.s.web.servlet.DispatcherServlet        : GET "/article/click1", parameters={masked}
2023-03-19 19:44:57.462 DEBUG 24320 --- [http-nio-8083-exec-1] s.w.s.m.m.a.RequestMappingHandlerMapping : Mapped to com.example.controll.article.ArticleController#findByid(int)
2023-03-19 19:44:57.518 DEBUG 24320 --- [http-nio-8083-exec-1] m.m.a.RequestResponseBodyMethodProcessor : Using 'application/json', given [*/*] and supported [application/json, application/*+json, application/json, application/*+json]
2023-03-19 19:44:57.552 DEBUG 24320 --- [http-nio-8083-exec-1] m.m.a.RequestResponseBodyMethodProcessor : Writing [Article(aid=1, aimg=2, author=3, createtime=2023-03-19, atitle=蜘蛛侠, acontent=住高档酒店江景房 被人看光光<EOL><EOL><EOL><EOL>听友徐先生 (truncated)...]
2023-03-19 19:44:57.564 DEBUG 24320 --- [http-nio-8083-exec-1] o.s.web.servlet.DispatcherServlet        : Completed 200 OK
2023-03-19 19:45:13.559 DEBUG 24320 --- [http-nio-8083-exec-4] o.s.web.servlet.DispatcherServlet        : GET "/getimgurl/getrecommend", parameters={}
2023-03-19 19:45:13.559 DEBUG 24320 --- [http-nio-8083-exec-4] s.w.s.m.m.a.RequestMappingHandlerMapping : Mapped to com.example.controll.recommend.RecommendController#getrecommend()
2023-03-19 19:45:13.572 DEBUG 24320 --- [http-nio-8083-exec-4] m.m.a.RequestResponseBodyMethodProcessor : Using 'text/plain', given [*/*] and supported [text/plain, */*, text/plain, */*, application/json, application/*+json, application/json, application/*+json]
2023-03-19 19:45:13.572 DEBUG 24320 --- [http-nio-8083-exec-4] m.m.a.RequestResponseBodyMethodProcessor : Writing ["[{"rno":"NO:1","rimg":"https://img2.baidu.com/it/u\u003d2682465669,2578216599\u0026fm\u003d253\u0026 (truncated)..."]
2023-03-19 19:45:13.573 DEBUG 24320 --- [http-nio-8083-exec-4] o.s.web.servlet.DispatcherServlet        : Completed 200 OK
2023-03-19 19:45:14.886 DEBUG 24320 --- [http-nio-8083-exec-7] o.s.web.servlet.DispatcherServlet        : GET "/article/click?undefined=undefined&id=2", parameters={masked}
2023-03-19 19:45:14.887 DEBUG 24320 --- [http-nio-8083-exec-7] s.w.s.m.m.a.RequestMappingHandlerMapping : Mapped to com.example.controll.article.ArticleController#findByid(int)
2023-03-19 19:45:14.888 DEBUG 24320 --- [http-nio-8083-exec-7] o.s.web.method.HandlerMethod             : Could not resolve parameter [0] in public com.example.pojo.Article com.example.controll.article.ArticleController.findByid(int): Failed to convert value of type 'java.lang.String' to required type 'int'; nested exception is java.lang.NumberFormatException: For input string: ""
2023-03-19 19:45:14.889  WARN 24320 --- [http-nio-8083-exec-7] .w.s.m.s.DefaultHandlerExceptionResolver : Resolved [org.springframework.web.method.annotation.MethodArgumentTypeMismatchException: Failed to convert value of type 'java.lang.String' to required type 'int'; nested exception is java.lang.NumberFormatException: For input string: ""]
2023-03-19 19:45:14.889 DEBUG 24320 --- [http-nio-8083-exec-7] o.s.web.servlet.DispatcherServlet        : Completed 400 BAD_REQUEST
2023-03-19 19:45:14.890 DEBUG 24320 --- [http-nio-8083-exec-7] o.s.web.servlet.DispatcherServlet        : "ERROR" dispatch for GET "/error?undefined=undefined&id=2", parameters={masked}
2023-03-19 19:45:14.890 DEBUG 24320 --- [http-nio-8083-exec-7] s.w.s.m.m.a.RequestMappingHandlerMapping : Mapped to org.springframework.boot.autoconfigure.web.servlet.error.BasicErrorController#error(HttpServletRequest)
2023-03-19 19:45:14.891 DEBUG 24320 --- [http-nio-8083-exec-7] o.s.w.s.m.m.a.HttpEntityMethodProcessor  : Using 'application/json', given [*/*] and supported [application/json, application/*+json, application/json, application/*+json]
2023-03-19 19:45:14.891 DEBUG 24320 --- [http-nio-8083-exec-7] o.s.w.s.m.m.a.HttpEntityMethodProcessor  : Writing [{timestamp=Sun Mar 19 19:45:14 CST 2023, status=400, error=Bad Request, path=/article/click}]
2023-03-19 19:45:14.892 DEBUG 24320 --- [http-nio-8083-exec-7] o.s.web.servlet.DispatcherServlet        : Exiting from "ERROR" dispatch, status 400
2023-03-19 19:45:16.248 DEBUG 24320 --- [http-nio-8083-exec-6] o.s.web.servlet.DispatcherServlet        : GET "/article/click?undefined=undefined&id=1", parameters={masked}
2023-03-19 19:45:16.249 DEBUG 24320 --- [http-nio-8083-exec-6] s.w.s.m.m.a.RequestMappingHandlerMapping : Mapped to com.example.controll.article.ArticleController#findByid(int)
2023-03-19 19:45:16.250 DEBUG 24320 --- [http-nio-8083-exec-6] o.s.web.method.HandlerMethod             : Could not resolve parameter [0] in public com.example.pojo.Article com.example.controll.article.ArticleController.findByid(int): Failed to convert value of type 'java.lang.String' to required type 'int'; nested exception is java.lang.NumberFormatException: For input string: ""
2023-03-19 19:45:16.250  WARN 24320 --- [http-nio-8083-exec-6] .w.s.m.s.DefaultHandlerExceptionResolver : Resolved [org.springframework.web.method.annotation.MethodArgumentTypeMismatchException: Failed to convert value of type 'java.lang.String' to required type 'int'; nested exception is java.lang.NumberFormatException: For input string: ""]
2023-03-19 19:45:16.251 DEBUG 24320 --- [http-nio-8083-exec-6] o.s.web.servlet.DispatcherServlet        : Completed 400 BAD_REQUEST
2023-03-19 19:45:16.251 DEBUG 24320 --- [http-nio-8083-exec-6] o.s.web.servlet.DispatcherServlet        : "ERROR" dispatch for GET "/error?undefined=undefined&id=1", parameters={masked}
2023-03-19 19:45:16.252 DEBUG 24320 --- [http-nio-8083-exec-6] s.w.s.m.m.a.RequestMappingHandlerMapping : Mapped to org.springframework.boot.autoconfigure.web.servlet.error.BasicErrorController#error(HttpServletRequest)
2023-03-19 19:45:16.253 DEBUG 24320 --- [http-nio-8083-exec-6] o.s.w.s.m.m.a.HttpEntityMethodProcessor  : Using 'application/json', given [*/*] and supported [application/json, application/*+json, application/json, application/*+json]
2023-03-19 19:45:16.254 DEBUG 24320 --- [http-nio-8083-exec-6] o.s.w.s.m.m.a.HttpEntityMethodProcessor  : Writing [{timestamp=Sun Mar 19 19:45:16 CST 2023, status=400, error=Bad Request, path=/article/click}]
2023-03-19 19:45:16.255 DEBUG 24320 --- [http-nio-8083-exec-6] o.s.web.servlet.DispatcherServlet        : Exiting from "ERROR" dispatch, status 400
